2020-05-07 00:05:31,154 ERROR    root            (gcloud) argument --project: expected one argument
2020-05-07 00:05:31,157 DEBUG    root            No implementation for release track [GA] for element: [/Users/jakevollkommer/Downloads/google-cloud-sdk/lib/surface/web_security_scanner]
2020-05-07 00:05:31,162 DEBUG    root            Loaded Command Group: [u'gcloud', u'info']
2020-05-07 00:05:31,166 DEBUG    root            No implementation for release track [GA] for element: [/Users/jakevollkommer/Downloads/google-cloud-sdk/lib/surface/code]
2020-05-07 00:05:31,167 DEBUG    root            Loaded Command Group: [u'gcloud', u'feedback']
2020-05-07 00:05:31,169 DEBUG    root            No implementation for release track [GA] for element: [/Users/jakevollkommer/Downloads/google-cloud-sdk/lib/surface/storage]
2020-05-07 00:05:31,170 DEBUG    root            Loaded Command Group: [u'gcloud', u'app']
2020-05-07 00:05:31,172 DEBUG    root            No implementation for release track [GA] for element: [/Users/jakevollkommer/Downloads/google-cloud-sdk/lib/surface/scc]
2020-05-07 00:05:31,173 DEBUG    root            Loaded Command Group: [u'gcloud', u'tasks']
2020-05-07 00:05:31,175 DEBUG    root            Loaded Command Group: [u'gcloud', u'data_catalog']
2020-05-07 00:05:31,177 DEBUG    root            Loaded Command Group: [u'gcloud', u'composer']
2020-05-07 00:05:31,200 DEBUG    root            Loaded Command Group: [u'gcloud', u'ai_platform']
2020-05-07 00:05:31,203 DEBUG    root            Loaded Command Group: [u'gcloud', u'iam']
2020-05-07 00:05:31,205 DEBUG    root            Loaded Command Group: [u'gcloud', u'anthos']
2020-05-07 00:05:31,207 DEBUG    root            No implementation for release track [GA] for element: [/Users/jakevollkommer/Downloads/google-cloud-sdk/lib/surface/billing]
2020-05-07 00:05:31,207 DEBUG    root            No implementation for release track [GA] for element: [/Users/jakevollkommer/Downloads/google-cloud-sdk/lib/surface/artifacts]
2020-05-07 00:05:31,208 DEBUG    root            No implementation for release track [GA] for element: [/Users/jakevollkommer/Downloads/google-cloud-sdk/lib/surface/notebooks]
2020-05-07 00:05:31,213 DEBUG    root            Loaded Command Group: [u'gcloud', u'help']
2020-05-07 00:05:31,221 DEBUG    root            Loaded Command Group: [u'gcloud', u'init']
2020-05-07 00:05:31,223 DEBUG    root            Loaded Command Group: [u'gcloud', u'source']
2020-05-07 00:05:31,225 DEBUG    root            Loaded Command Group: [u'gcloud', u'network_management']
2020-05-07 00:05:31,227 DEBUG    root            Loaded Command Group: [u'gcloud', u'version']
2020-05-07 00:05:31,228 DEBUG    root            Loaded Command Group: [u'gcloud', u'asset']
2020-05-07 00:05:31,230 DEBUG    root            Loaded Command Group: [u'gcloud', u'dns']
2020-05-07 00:05:31,232 DEBUG    root            No implementation for release track [GA] for element: [/Users/jakevollkommer/Downloads/google-cloud-sdk/lib/surface/lifesciences]
2020-05-07 00:05:31,233 DEBUG    root            Loaded Command Group: [u'gcloud', u'iap']
2020-05-07 00:05:31,235 DEBUG    root            No implementation for release track [GA] for element: [/Users/jakevollkommer/Downloads/google-cloud-sdk/lib/surface/resources]
2020-05-07 00:05:31,236 DEBUG    root            Loaded Command Group: [u'gcloud', u'pubsub']
2020-05-07 00:05:31,237 DEBUG    root            No implementation for release track [GA] for element: [/Users/jakevollkommer/Downloads/google-cloud-sdk/lib/surface/api_gateway]
2020-05-07 00:05:31,238 DEBUG    root            Loaded Command Group: [u'gcloud', u'policy_troubleshoot']
2020-05-07 00:05:31,239 DEBUG    root            No implementation for release track [GA] for element: [/Users/jakevollkommer/Downloads/google-cloud-sdk/lib/surface/recaptcha]
2020-05-07 00:05:31,240 DEBUG    root            No implementation for release track [GA] for element: [/Users/jakevollkommer/Downloads/google-cloud-sdk/lib/surface/emulators]
2020-05-07 00:05:31,241 DEBUG    root            Loaded Command Group: [u'gcloud', u'auth']
2020-05-07 00:05:31,244 DEBUG    root            No implementation for release track [GA] for element: [/Users/jakevollkommer/Downloads/google-cloud-sdk/lib/surface/search_help]
2020-05-07 00:05:31,244 DEBUG    root            No implementation for release track [GA] for element: [/Users/jakevollkommer/Downloads/google-cloud-sdk/lib/surface/game]
2020-05-07 00:05:31,245 DEBUG    root            No implementation for release track [GA] for element: [/Users/jakevollkommer/Downloads/google-cloud-sdk/lib/surface/memcache]
2020-05-07 00:05:31,246 DEBUG    root            Loaded Command Group: [u'gcloud', u'scheduler']
2020-05-07 00:05:31,248 DEBUG    root            No implementation for release track [GA] for element: [/Users/jakevollkommer/Downloads/google-cloud-sdk/lib/surface/workflows]
2020-05-07 00:05:31,248 DEBUG    root            Loaded Command Group: [u'gcloud', u'spanner']
2020-05-07 00:05:31,250 DEBUG    root            Loaded Command Group: [u'gcloud', u'projects']
2020-05-07 00:05:31,252 DEBUG    root            Loaded Command Group: [u'gcloud', u'resource_manager']
2020-05-07 00:05:31,254 DEBUG    root            Loaded Command Group: [u'gcloud', u'organizations']
2020-05-07 00:05:31,289 DEBUG    root            Loaded Command Group: [u'gcloud', u'compute']
2020-05-07 00:05:31,293 DEBUG    root            Loaded Command Group: [u'gcloud', u'builds']
2020-05-07 00:05:31,295 DEBUG    root            Loaded Command Group: [u'gcloud', u'dataflow']
2020-05-07 00:05:31,297 DEBUG    root            Loaded Command Group: [u'gcloud', u'ml']
2020-05-07 00:05:31,299 DEBUG    root            No implementation for release track [GA] for element: [/Users/jakevollkommer/Downloads/google-cloud-sdk/lib/surface/org_policies]
2020-05-07 00:05:31,300 DEBUG    root            Loaded Command Group: [u'gcloud', u'active_directory']
2020-05-07 00:05:31,301 DEBUG    root            No implementation for release track [GA] for element: [/Users/jakevollkommer/Downloads/google-cloud-sdk/lib/surface/access_approval]
2020-05-07 00:05:31,302 DEBUG    root            No implementation for release track [GA] for element: [/Users/jakevollkommer/Downloads/google-cloud-sdk/lib/surface/error_reporting]
2020-05-07 00:05:31,304 DEBUG    root            Loaded Command Group: [u'gcloud', u'debug']
2020-05-07 00:05:31,306 DEBUG    root            No implementation for release track [GA] for element: [/Users/jakevollkommer/Downloads/google-cloud-sdk/lib/surface/data_fusion]
2020-05-07 00:05:31,307 DEBUG    root            Loaded Command Group: [u'gcloud', u'endpoints']
2020-05-07 00:05:31,308 DEBUG    root            Loaded Command Group: [u'gcloud', u'deployment_manager']
2020-05-07 00:05:31,310 DEBUG    root            Loaded Command Group: [u'gcloud', u'monitoring']
2020-05-07 00:05:31,313 DEBUG    root            Loaded Command Group: [u'gcloud', u'topic']
2020-05-07 00:05:31,316 DEBUG    root            Loaded Command Group: [u'gcloud', u'healthcare']
2020-05-07 00:05:31,318 DEBUG    root            Loaded Command Group: [u'gcloud', u'meta']
2020-05-07 00:05:31,320 DEBUG    root            No implementation for release track [GA] for element: [/Users/jakevollkommer/Downloads/google-cloud-sdk/lib/surface/service_directory]
2020-05-07 00:05:31,343 DEBUG    root            No implementation for release track [GA] for element: [/Users/jakevollkommer/Downloads/google-cloud-sdk/lib/surface/events]
2020-05-07 00:05:31,344 DEBUG    root            Loaded Command Group: [u'gcloud', u'datastore']
2020-05-07 00:05:31,346 DEBUG    root            Loaded Command Group: [u'gcloud', u'functions']
2020-05-07 00:05:31,349 DEBUG    root            Loaded Command Group: [u'gcloud', u'container']
2020-05-07 00:05:31,352 DEBUG    root            Loaded Command Group: [u'gcloud', u'redis']
2020-05-07 00:05:31,353 DEBUG    root            No implementation for release track [GA] for element: [/Users/jakevollkommer/Downloads/google-cloud-sdk/lib/surface/network_services]
2020-05-07 00:05:31,354 DEBUG    root            Loaded Command Group: [u'gcloud', u'dataproc']
2020-05-07 00:05:31,356 DEBUG    root            No implementation for release track [GA] for element: [/Users/jakevollkommer/Downloads/google-cloud-sdk/lib/surface/dialogflow]
2020-05-07 00:05:31,356 DEBUG    root            No implementation for release track [GA] for element: [/Users/jakevollkommer/Downloads/google-cloud-sdk/lib/surface/dlp]
2020-05-07 00:05:31,357 DEBUG    root            Loaded Command Group: [u'gcloud', u'kms']
2020-05-07 00:05:31,360 DEBUG    root            Loaded Command Group: [u'gcloud', u'config']
2020-05-07 00:05:31,362 DEBUG    root            Loaded Command Group: [u'gcloud', u'access_context_manager']
2020-05-07 00:05:31,364 DEBUG    root            No implementation for release track [GA] for element: [/Users/jakevollkommer/Downloads/google-cloud-sdk/lib/surface/cloud_shell]
2020-05-07 00:05:31,365 DEBUG    root            No implementation for release track [GA] for element: [/Users/jakevollkommer/Downloads/google-cloud-sdk/lib/surface/privateca]
2020-05-07 00:05:31,365 DEBUG    root            Loaded Command Group: [u'gcloud', u'run']
2020-05-07 00:05:31,369 DEBUG    root            No implementation for release track [GA] for element: [/Users/jakevollkommer/Downloads/google-cloud-sdk/lib/surface/trace]
2020-05-07 00:05:31,370 DEBUG    root            No implementation for release track [GA] for element: [/Users/jakevollkommer/Downloads/google-cloud-sdk/lib/surface/genomics]
2020-05-07 00:05:31,371 DEBUG    root            No implementation for release track [GA] for element: [/Users/jakevollkommer/Downloads/google-cloud-sdk/lib/surface/labelmanager]
2020-05-07 00:05:31,372 DEBUG    root            Loaded Command Group: [u'gcloud', u'ml_engine']
2020-05-07 00:05:31,374 DEBUG    root            Loaded Command Group: [u'gcloud', u'iot']
2020-05-07 00:05:31,375 DEBUG    root            Loaded Command Group: [u'gcloud', u'firebase']
2020-05-07 00:05:31,377 DEBUG    root            Loaded Command Group: [u'gcloud', u'filestore']
2020-05-07 00:05:31,378 DEBUG    root            No implementation for release track [GA] for element: [/Users/jakevollkommer/Downloads/google-cloud-sdk/lib/surface/bq]
2020-05-07 00:05:31,379 DEBUG    root            Loaded Command Group: [u'gcloud', u'sql']
2020-05-07 00:05:31,381 DEBUG    root            Loaded Command Group: [u'gcloud', u'services']
2020-05-07 00:05:31,384 DEBUG    root            Loaded Command Group: [u'gcloud', u'recommender']
2020-05-07 00:05:31,385 DEBUG    root            Loaded Command Group: [u'gcloud', u'bigtable']
2020-05-07 00:05:31,387 DEBUG    root            Loaded Command Group: [u'gcloud', u'logging']
2020-05-07 00:05:31,389 DEBUG    root            Loaded Command Group: [u'gcloud', u'service_management']
2020-05-07 00:05:31,391 DEBUG    root            Loaded Command Group: [u'gcloud', u'secrets']
2020-05-07 00:05:31,393 DEBUG    root            No implementation for release track [GA] for element: [/Users/jakevollkommer/Downloads/google-cloud-sdk/lib/surface/remote_build_execution]
2020-05-07 00:05:31,394 DEBUG    root            No implementation for release track [GA] for element: [/Users/jakevollkommer/Downloads/google-cloud-sdk/lib/surface/runtime_config]
2020-05-07 00:05:31,399 DEBUG    root            Loaded Command Group: [u'gcloud', u'survey']
2020-05-07 00:05:31,401 DEBUG    root            Loaded Command Group: [u'gcloud', u'components']
2020-05-07 00:05:31,403 DEBUG    root            No implementation for release track [GA] for element: [/Users/jakevollkommer/Downloads/google-cloud-sdk/lib/surface/identity]
2020-05-07 00:05:31,404 DEBUG    root            Loaded Command Group: [u'gcloud', u'domains']
2020-05-07 00:05:31,409 DEBUG    root            Loaded Command Group: [u'gcloud', u'docker']
2020-05-07 00:05:31,487 DEBUG    root            No implementation for release track [GA] for element: [/Users/jakevollkommer/Downloads/google-cloud-sdk/lib/surface/interactive]
2020-05-07 00:05:31,488 DEBUG    root            Loaded Command Group: [u'gcloud', u'firestore']
2020-05-07 00:05:31,499 DEBUG    root            Metrics reporting process started...
