2020-05-07 00:08:17,290 DEBUG    root            Loaded Command Group: [u'gcloud', u'iam']
2020-05-07 00:08:17,292 DEBUG    root            Loaded Command Group: [u'gcloud', u'iam', u'service_accounts']
2020-05-07 00:08:17,319 DEBUG    root            Loaded Command Group: [u'gcloud', u'iam', u'service-accounts', u'remove_iam_policy_binding']
2020-05-07 00:08:17,337 DEBUG    root            Loaded Command Group: [u'gcloud', u'iam', u'service-accounts', u'enable']
2020-05-07 00:08:17,341 DEBUG    root            Loaded Command Group: [u'gcloud', u'iam', u'service-accounts', u'keys']
2020-05-07 00:08:17,343 DEBUG    root            Loaded Command Group: [u'gcloud', u'iam', u'service-accounts', u'describe']
2020-05-07 00:08:17,358 DEBUG    root            Loaded Command Group: [u'gcloud', u'iam', u'service-accounts', u'update']
2020-05-07 00:08:17,374 DEBUG    root            Loaded Command Group: [u'gcloud', u'iam', u'service-accounts', u'disable']
2020-05-07 00:08:17,378 DEBUG    root            Loaded Command Group: [u'gcloud', u'iam', u'service-accounts', u'set_iam_policy']
2020-05-07 00:08:17,392 DEBUG    root            Loaded Command Group: [u'gcloud', u'iam', u'service-accounts', u'add_iam_policy_binding']
2020-05-07 00:08:17,396 DEBUG    root            Loaded Command Group: [u'gcloud', u'iam', u'service-accounts', u'sign_blob']
2020-05-07 00:08:17,406 DEBUG    root            No implementation for release track [GA] for element: [/Users/jakevollkommer/Downloads/google-cloud-sdk/lib/surface/iam/service_accounts/undelete.yaml]
2020-05-07 00:08:17,407 DEBUG    root            No implementation for release track [GA] for element: [/Users/jakevollkommer/Downloads/google-cloud-sdk/lib/surface/iam/service_accounts/sign_jwt]
2020-05-07 00:08:17,407 DEBUG    root            No implementation for release track [GA] for element: [/Users/jakevollkommer/Downloads/google-cloud-sdk/lib/surface/iam/service_accounts/identity_bindings]
2020-05-07 00:08:17,408 DEBUG    root            Loaded Command Group: [u'gcloud', u'iam', u'service-accounts', u'list']
2020-05-07 00:08:17,409 DEBUG    root            Loaded Command Group: [u'gcloud', u'iam', u'service-accounts', u'get_iam_policy']
2020-05-07 00:08:17,410 DEBUG    root            Loaded Command Group: [u'gcloud', u'iam', u'service-accounts', u'create']
2020-05-07 00:08:17,412 DEBUG    root            Loaded Command Group: [u'gcloud', u'iam', u'service-accounts', u'delete']
2020-05-07 00:08:17,413 ERROR    root            (gcloud.iam.service-accounts) Invalid choice: 'rm'.
2020-05-07 00:08:17,456 DEBUG    root            Metrics reporting process started...
