2020-05-07 00:06:01,175 ERROR    root            (gcloud) argument --project: expected one argument
2020-05-07 00:06:01,176 DEBUG    root            No implementation for release track [GA] for element: [/Users/jakevollkommer/Downloads/google-cloud-sdk/lib/surface/web_security_scanner]
2020-05-07 00:06:01,182 DEBUG    root            Loaded Command Group: [u'gcloud', u'info']
2020-05-07 00:06:01,185 DEBUG    root            No implementation for release track [GA] for element: [/Users/jakevollkommer/Downloads/google-cloud-sdk/lib/surface/code]
2020-05-07 00:06:01,187 DEBUG    root            Loaded Command Group: [u'gcloud', u'feedback']
2020-05-07 00:06:01,188 DEBUG    root            No implementation for release track [GA] for element: [/Users/jakevollkommer/Downloads/google-cloud-sdk/lib/surface/storage]
2020-05-07 00:06:01,189 DEBUG    root            Loaded Command Group: [u'gcloud', u'app']
2020-05-07 00:06:01,192 DEBUG    root            No implementation for release track [GA] for element: [/Users/jakevollkommer/Downloads/google-cloud-sdk/lib/surface/scc]
2020-05-07 00:06:01,192 DEBUG    root            Loaded Command Group: [u'gcloud', u'tasks']
2020-05-07 00:06:01,194 DEBUG    root            Loaded Command Group: [u'gcloud', u'data_catalog']
2020-05-07 00:06:01,196 DEBUG    root            Loaded Command Group: [u'gcloud', u'composer']
2020-05-07 00:06:01,219 DEBUG    root            Loaded Command Group: [u'gcloud', u'ai_platform']
2020-05-07 00:06:01,221 DEBUG    root            Loaded Command Group: [u'gcloud', u'iam']
2020-05-07 00:06:01,224 DEBUG    root            Loaded Command Group: [u'gcloud', u'anthos']
2020-05-07 00:06:01,225 DEBUG    root            No implementation for release track [GA] for element: [/Users/jakevollkommer/Downloads/google-cloud-sdk/lib/surface/billing]
2020-05-07 00:06:01,226 DEBUG    root            No implementation for release track [GA] for element: [/Users/jakevollkommer/Downloads/google-cloud-sdk/lib/surface/artifacts]
2020-05-07 00:06:01,227 DEBUG    root            No implementation for release track [GA] for element: [/Users/jakevollkommer/Downloads/google-cloud-sdk/lib/surface/notebooks]
2020-05-07 00:06:01,231 DEBUG    root            Loaded Command Group: [u'gcloud', u'help']
2020-05-07 00:06:01,239 DEBUG    root            Loaded Command Group: [u'gcloud', u'init']
2020-05-07 00:06:01,241 DEBUG    root            Loaded Command Group: [u'gcloud', u'source']
2020-05-07 00:06:01,243 DEBUG    root            Loaded Command Group: [u'gcloud', u'network_management']
2020-05-07 00:06:01,245 DEBUG    root            Loaded Command Group: [u'gcloud', u'version']
2020-05-07 00:06:01,246 DEBUG    root            Loaded Command Group: [u'gcloud', u'asset']
2020-05-07 00:06:01,248 DEBUG    root            Loaded Command Group: [u'gcloud', u'dns']
2020-05-07 00:06:01,250 DEBUG    root            No implementation for release track [GA] for element: [/Users/jakevollkommer/Downloads/google-cloud-sdk/lib/surface/lifesciences]
2020-05-07 00:06:01,251 DEBUG    root            Loaded Command Group: [u'gcloud', u'iap']
2020-05-07 00:06:01,254 DEBUG    root            No implementation for release track [GA] for element: [/Users/jakevollkommer/Downloads/google-cloud-sdk/lib/surface/resources]
2020-05-07 00:06:01,254 DEBUG    root            Loaded Command Group: [u'gcloud', u'pubsub']
2020-05-07 00:06:01,256 DEBUG    root            No implementation for release track [GA] for element: [/Users/jakevollkommer/Downloads/google-cloud-sdk/lib/surface/api_gateway]
2020-05-07 00:06:01,257 DEBUG    root            Loaded Command Group: [u'gcloud', u'policy_troubleshoot']
2020-05-07 00:06:01,258 DEBUG    root            No implementation for release track [GA] for element: [/Users/jakevollkommer/Downloads/google-cloud-sdk/lib/surface/recaptcha]
2020-05-07 00:06:01,259 DEBUG    root            No implementation for release track [GA] for element: [/Users/jakevollkommer/Downloads/google-cloud-sdk/lib/surface/emulators]
2020-05-07 00:06:01,260 DEBUG    root            Loaded Command Group: [u'gcloud', u'auth']
2020-05-07 00:06:01,262 DEBUG    root            No implementation for release track [GA] for element: [/Users/jakevollkommer/Downloads/google-cloud-sdk/lib/surface/search_help]
2020-05-07 00:06:01,263 DEBUG    root            No implementation for release track [GA] for element: [/Users/jakevollkommer/Downloads/google-cloud-sdk/lib/surface/game]
2020-05-07 00:06:01,264 DEBUG    root            No implementation for release track [GA] for element: [/Users/jakevollkommer/Downloads/google-cloud-sdk/lib/surface/memcache]
2020-05-07 00:06:01,264 DEBUG    root            Loaded Command Group: [u'gcloud', u'scheduler']
2020-05-07 00:06:01,266 DEBUG    root            No implementation for release track [GA] for element: [/Users/jakevollkommer/Downloads/google-cloud-sdk/lib/surface/workflows]
2020-05-07 00:06:01,266 DEBUG    root            Loaded Command Group: [u'gcloud', u'spanner']
2020-05-07 00:06:01,268 DEBUG    root            Loaded Command Group: [u'gcloud', u'projects']
2020-05-07 00:06:01,270 DEBUG    root            Loaded Command Group: [u'gcloud', u'resource_manager']
2020-05-07 00:06:01,272 DEBUG    root            Loaded Command Group: [u'gcloud', u'organizations']
2020-05-07 00:06:01,307 DEBUG    root            Loaded Command Group: [u'gcloud', u'compute']
2020-05-07 00:06:01,312 DEBUG    root            Loaded Command Group: [u'gcloud', u'builds']
2020-05-07 00:06:01,314 DEBUG    root            Loaded Command Group: [u'gcloud', u'dataflow']
2020-05-07 00:06:01,315 DEBUG    root            Loaded Command Group: [u'gcloud', u'ml']
2020-05-07 00:06:01,317 DEBUG    root            No implementation for release track [GA] for element: [/Users/jakevollkommer/Downloads/google-cloud-sdk/lib/surface/org_policies]
2020-05-07 00:06:01,318 DEBUG    root            Loaded Command Group: [u'gcloud', u'active_directory']
2020-05-07 00:06:01,320 DEBUG    root            No implementation for release track [GA] for element: [/Users/jakevollkommer/Downloads/google-cloud-sdk/lib/surface/access_approval]
2020-05-07 00:06:01,321 DEBUG    root            No implementation for release track [GA] for element: [/Users/jakevollkommer/Downloads/google-cloud-sdk/lib/surface/error_reporting]
2020-05-07 00:06:01,323 DEBUG    root            Loaded Command Group: [u'gcloud', u'debug']
2020-05-07 00:06:01,325 DEBUG    root            No implementation for release track [GA] for element: [/Users/jakevollkommer/Downloads/google-cloud-sdk/lib/surface/data_fusion]
2020-05-07 00:06:01,326 DEBUG    root            Loaded Command Group: [u'gcloud', u'endpoints']
2020-05-07 00:06:01,328 DEBUG    root            Loaded Command Group: [u'gcloud', u'deployment_manager']
2020-05-07 00:06:01,330 DEBUG    root            Loaded Command Group: [u'gcloud', u'monitoring']
2020-05-07 00:06:01,332 DEBUG    root            Loaded Command Group: [u'gcloud', u'topic']
2020-05-07 00:06:01,334 DEBUG    root            Loaded Command Group: [u'gcloud', u'healthcare']
2020-05-07 00:06:01,336 DEBUG    root            Loaded Command Group: [u'gcloud', u'meta']
2020-05-07 00:06:01,339 DEBUG    root            No implementation for release track [GA] for element: [/Users/jakevollkommer/Downloads/google-cloud-sdk/lib/surface/service_directory]
2020-05-07 00:06:01,362 DEBUG    root            No implementation for release track [GA] for element: [/Users/jakevollkommer/Downloads/google-cloud-sdk/lib/surface/events]
2020-05-07 00:06:01,363 DEBUG    root            Loaded Command Group: [u'gcloud', u'datastore']
2020-05-07 00:06:01,365 DEBUG    root            Loaded Command Group: [u'gcloud', u'functions']
2020-05-07 00:06:01,369 DEBUG    root            Loaded Command Group: [u'gcloud', u'container']
2020-05-07 00:06:01,371 DEBUG    root            Loaded Command Group: [u'gcloud', u'redis']
2020-05-07 00:06:01,373 DEBUG    root            No implementation for release track [GA] for element: [/Users/jakevollkommer/Downloads/google-cloud-sdk/lib/surface/network_services]
2020-05-07 00:06:01,374 DEBUG    root            Loaded Command Group: [u'gcloud', u'dataproc']
2020-05-07 00:06:01,375 DEBUG    root            No implementation for release track [GA] for element: [/Users/jakevollkommer/Downloads/google-cloud-sdk/lib/surface/dialogflow]
2020-05-07 00:06:01,376 DEBUG    root            No implementation for release track [GA] for element: [/Users/jakevollkommer/Downloads/google-cloud-sdk/lib/surface/dlp]
2020-05-07 00:06:01,377 DEBUG    root            Loaded Command Group: [u'gcloud', u'kms']
2020-05-07 00:06:01,379 DEBUG    root            Loaded Command Group: [u'gcloud', u'config']
2020-05-07 00:06:01,381 DEBUG    root            Loaded Command Group: [u'gcloud', u'access_context_manager']
2020-05-07 00:06:01,383 DEBUG    root            No implementation for release track [GA] for element: [/Users/jakevollkommer/Downloads/google-cloud-sdk/lib/surface/cloud_shell]
2020-05-07 00:06:01,384 DEBUG    root            No implementation for release track [GA] for element: [/Users/jakevollkommer/Downloads/google-cloud-sdk/lib/surface/privateca]
2020-05-07 00:06:01,385 DEBUG    root            Loaded Command Group: [u'gcloud', u'run']
2020-05-07 00:06:01,389 DEBUG    root            No implementation for release track [GA] for element: [/Users/jakevollkommer/Downloads/google-cloud-sdk/lib/surface/trace]
2020-05-07 00:06:01,390 DEBUG    root            No implementation for release track [GA] for element: [/Users/jakevollkommer/Downloads/google-cloud-sdk/lib/surface/genomics]
2020-05-07 00:06:01,391 DEBUG    root            No implementation for release track [GA] for element: [/Users/jakevollkommer/Downloads/google-cloud-sdk/lib/surface/labelmanager]
2020-05-07 00:06:01,391 DEBUG    root            Loaded Command Group: [u'gcloud', u'ml_engine']
2020-05-07 00:06:01,393 DEBUG    root            Loaded Command Group: [u'gcloud', u'iot']
2020-05-07 00:06:01,395 DEBUG    root            Loaded Command Group: [u'gcloud', u'firebase']
2020-05-07 00:06:01,396 DEBUG    root            Loaded Command Group: [u'gcloud', u'filestore']
2020-05-07 00:06:01,398 DEBUG    root            No implementation for release track [GA] for element: [/Users/jakevollkommer/Downloads/google-cloud-sdk/lib/surface/bq]
2020-05-07 00:06:01,399 DEBUG    root            Loaded Command Group: [u'gcloud', u'sql']
2020-05-07 00:06:01,401 DEBUG    root            Loaded Command Group: [u'gcloud', u'services']
2020-05-07 00:06:01,403 DEBUG    root            Loaded Command Group: [u'gcloud', u'recommender']
2020-05-07 00:06:01,405 DEBUG    root            Loaded Command Group: [u'gcloud', u'bigtable']
2020-05-07 00:06:01,407 DEBUG    root            Loaded Command Group: [u'gcloud', u'logging']
2020-05-07 00:06:01,409 DEBUG    root            Loaded Command Group: [u'gcloud', u'service_management']
2020-05-07 00:06:01,411 DEBUG    root            Loaded Command Group: [u'gcloud', u'secrets']
2020-05-07 00:06:01,413 DEBUG    root            No implementation for release track [GA] for element: [/Users/jakevollkommer/Downloads/google-cloud-sdk/lib/surface/remote_build_execution]
2020-05-07 00:06:01,415 DEBUG    root            No implementation for release track [GA] for element: [/Users/jakevollkommer/Downloads/google-cloud-sdk/lib/surface/runtime_config]
2020-05-07 00:06:01,419 DEBUG    root            Loaded Command Group: [u'gcloud', u'survey']
2020-05-07 00:06:01,421 DEBUG    root            Loaded Command Group: [u'gcloud', u'components']
2020-05-07 00:06:01,424 DEBUG    root            No implementation for release track [GA] for element: [/Users/jakevollkommer/Downloads/google-cloud-sdk/lib/surface/identity]
2020-05-07 00:06:01,425 DEBUG    root            Loaded Command Group: [u'gcloud', u'domains']
2020-05-07 00:06:01,431 DEBUG    root            Loaded Command Group: [u'gcloud', u'docker']
2020-05-07 00:06:01,514 DEBUG    root            No implementation for release track [GA] for element: [/Users/jakevollkommer/Downloads/google-cloud-sdk/lib/surface/interactive]
2020-05-07 00:06:01,515 DEBUG    root            Loaded Command Group: [u'gcloud', u'firestore']
2020-05-07 00:06:01,527 DEBUG    root            Metrics reporting process started...
