2020-05-07 00:03:39,108 ERROR    root            (gcloud) argument --account: expected one argument
2020-05-07 00:03:39,109 DEBUG    root            No implementation for release track [GA] for element: [/Users/jakevollkommer/Downloads/google-cloud-sdk/lib/surface/web_security_scanner]
2020-05-07 00:03:39,115 DEBUG    root            Loaded Command Group: [u'gcloud', u'info']
2020-05-07 00:03:39,118 DEBUG    root            No implementation for release track [GA] for element: [/Users/jakevollkommer/Downloads/google-cloud-sdk/lib/surface/code]
2020-05-07 00:03:39,120 DEBUG    root            Loaded Command Group: [u'gcloud', u'feedback']
2020-05-07 00:03:39,121 DEBUG    root            No implementation for release track [GA] for element: [/Users/jakevollkommer/Downloads/google-cloud-sdk/lib/surface/storage]
2020-05-07 00:03:39,122 DEBUG    root            Loaded Command Group: [u'gcloud', u'app']
2020-05-07 00:03:39,124 DEBUG    root            No implementation for release track [GA] for element: [/Users/jakevollkommer/Downloads/google-cloud-sdk/lib/surface/scc]
2020-05-07 00:03:39,125 DEBUG    root            Loaded Command Group: [u'gcloud', u'tasks']
2020-05-07 00:03:39,127 DEBUG    root            Loaded Command Group: [u'gcloud', u'data_catalog']
2020-05-07 00:03:39,129 DEBUG    root            Loaded Command Group: [u'gcloud', u'composer']
2020-05-07 00:03:39,153 DEBUG    root            Loaded Command Group: [u'gcloud', u'ai_platform']
2020-05-07 00:03:39,155 DEBUG    root            Loaded Command Group: [u'gcloud', u'iam']
2020-05-07 00:03:39,157 DEBUG    root            Loaded Command Group: [u'gcloud', u'anthos']
2020-05-07 00:03:39,159 DEBUG    root            No implementation for release track [GA] for element: [/Users/jakevollkommer/Downloads/google-cloud-sdk/lib/surface/billing]
2020-05-07 00:03:39,160 DEBUG    root            No implementation for release track [GA] for element: [/Users/jakevollkommer/Downloads/google-cloud-sdk/lib/surface/artifacts]
2020-05-07 00:03:39,161 DEBUG    root            No implementation for release track [GA] for element: [/Users/jakevollkommer/Downloads/google-cloud-sdk/lib/surface/notebooks]
2020-05-07 00:03:39,166 DEBUG    root            Loaded Command Group: [u'gcloud', u'help']
2020-05-07 00:03:39,175 DEBUG    root            Loaded Command Group: [u'gcloud', u'init']
2020-05-07 00:03:39,176 DEBUG    root            Loaded Command Group: [u'gcloud', u'source']
2020-05-07 00:03:39,178 DEBUG    root            Loaded Command Group: [u'gcloud', u'network_management']
2020-05-07 00:03:39,179 DEBUG    root            Loaded Command Group: [u'gcloud', u'version']
2020-05-07 00:03:39,181 DEBUG    root            Loaded Command Group: [u'gcloud', u'asset']
2020-05-07 00:03:39,183 DEBUG    root            Loaded Command Group: [u'gcloud', u'dns']
2020-05-07 00:03:39,185 DEBUG    root            No implementation for release track [GA] for element: [/Users/jakevollkommer/Downloads/google-cloud-sdk/lib/surface/lifesciences]
2020-05-07 00:03:39,186 DEBUG    root            Loaded Command Group: [u'gcloud', u'iap']
2020-05-07 00:03:39,188 DEBUG    root            No implementation for release track [GA] for element: [/Users/jakevollkommer/Downloads/google-cloud-sdk/lib/surface/resources]
2020-05-07 00:03:39,188 DEBUG    root            Loaded Command Group: [u'gcloud', u'pubsub']
2020-05-07 00:03:39,190 DEBUG    root            No implementation for release track [GA] for element: [/Users/jakevollkommer/Downloads/google-cloud-sdk/lib/surface/api_gateway]
2020-05-07 00:03:39,191 DEBUG    root            Loaded Command Group: [u'gcloud', u'policy_troubleshoot']
2020-05-07 00:03:39,193 DEBUG    root            No implementation for release track [GA] for element: [/Users/jakevollkommer/Downloads/google-cloud-sdk/lib/surface/recaptcha]
2020-05-07 00:03:39,193 DEBUG    root            No implementation for release track [GA] for element: [/Users/jakevollkommer/Downloads/google-cloud-sdk/lib/surface/emulators]
2020-05-07 00:03:39,194 DEBUG    root            Loaded Command Group: [u'gcloud', u'auth']
2020-05-07 00:03:39,196 DEBUG    root            No implementation for release track [GA] for element: [/Users/jakevollkommer/Downloads/google-cloud-sdk/lib/surface/search_help]
2020-05-07 00:03:39,197 DEBUG    root            No implementation for release track [GA] for element: [/Users/jakevollkommer/Downloads/google-cloud-sdk/lib/surface/game]
2020-05-07 00:03:39,198 DEBUG    root            No implementation for release track [GA] for element: [/Users/jakevollkommer/Downloads/google-cloud-sdk/lib/surface/memcache]
2020-05-07 00:03:39,199 DEBUG    root            Loaded Command Group: [u'gcloud', u'scheduler']
2020-05-07 00:03:39,201 DEBUG    root            No implementation for release track [GA] for element: [/Users/jakevollkommer/Downloads/google-cloud-sdk/lib/surface/workflows]
2020-05-07 00:03:39,202 DEBUG    root            Loaded Command Group: [u'gcloud', u'spanner']
2020-05-07 00:03:39,204 DEBUG    root            Loaded Command Group: [u'gcloud', u'projects']
2020-05-07 00:03:39,206 DEBUG    root            Loaded Command Group: [u'gcloud', u'resource_manager']
2020-05-07 00:03:39,208 DEBUG    root            Loaded Command Group: [u'gcloud', u'organizations']
2020-05-07 00:03:39,243 DEBUG    root            Loaded Command Group: [u'gcloud', u'compute']
2020-05-07 00:03:39,249 DEBUG    root            Loaded Command Group: [u'gcloud', u'builds']
2020-05-07 00:03:39,252 DEBUG    root            Loaded Command Group: [u'gcloud', u'dataflow']
2020-05-07 00:03:39,254 DEBUG    root            Loaded Command Group: [u'gcloud', u'ml']
2020-05-07 00:03:39,256 DEBUG    root            No implementation for release track [GA] for element: [/Users/jakevollkommer/Downloads/google-cloud-sdk/lib/surface/org_policies]
2020-05-07 00:03:39,257 DEBUG    root            Loaded Command Group: [u'gcloud', u'active_directory']
2020-05-07 00:03:39,258 DEBUG    root            No implementation for release track [GA] for element: [/Users/jakevollkommer/Downloads/google-cloud-sdk/lib/surface/access_approval]
2020-05-07 00:03:39,259 DEBUG    root            No implementation for release track [GA] for element: [/Users/jakevollkommer/Downloads/google-cloud-sdk/lib/surface/error_reporting]
2020-05-07 00:03:39,261 DEBUG    root            Loaded Command Group: [u'gcloud', u'debug']
2020-05-07 00:03:39,262 DEBUG    root            No implementation for release track [GA] for element: [/Users/jakevollkommer/Downloads/google-cloud-sdk/lib/surface/data_fusion]
2020-05-07 00:03:39,263 DEBUG    root            Loaded Command Group: [u'gcloud', u'endpoints']
2020-05-07 00:03:39,265 DEBUG    root            Loaded Command Group: [u'gcloud', u'deployment_manager']
2020-05-07 00:03:39,267 DEBUG    root            Loaded Command Group: [u'gcloud', u'monitoring']
2020-05-07 00:03:39,269 DEBUG    root            Loaded Command Group: [u'gcloud', u'topic']
2020-05-07 00:03:39,271 DEBUG    root            Loaded Command Group: [u'gcloud', u'healthcare']
2020-05-07 00:03:39,273 DEBUG    root            Loaded Command Group: [u'gcloud', u'meta']
2020-05-07 00:03:39,275 DEBUG    root            No implementation for release track [GA] for element: [/Users/jakevollkommer/Downloads/google-cloud-sdk/lib/surface/service_directory]
2020-05-07 00:03:39,299 DEBUG    root            No implementation for release track [GA] for element: [/Users/jakevollkommer/Downloads/google-cloud-sdk/lib/surface/events]
2020-05-07 00:03:39,300 DEBUG    root            Loaded Command Group: [u'gcloud', u'datastore']
2020-05-07 00:03:39,303 DEBUG    root            Loaded Command Group: [u'gcloud', u'functions']
2020-05-07 00:03:39,306 DEBUG    root            Loaded Command Group: [u'gcloud', u'container']
2020-05-07 00:03:39,308 DEBUG    root            Loaded Command Group: [u'gcloud', u'redis']
2020-05-07 00:03:39,309 DEBUG    root            No implementation for release track [GA] for element: [/Users/jakevollkommer/Downloads/google-cloud-sdk/lib/surface/network_services]
2020-05-07 00:03:39,310 DEBUG    root            Loaded Command Group: [u'gcloud', u'dataproc']
2020-05-07 00:03:39,312 DEBUG    root            No implementation for release track [GA] for element: [/Users/jakevollkommer/Downloads/google-cloud-sdk/lib/surface/dialogflow]
2020-05-07 00:03:39,312 DEBUG    root            No implementation for release track [GA] for element: [/Users/jakevollkommer/Downloads/google-cloud-sdk/lib/surface/dlp]
2020-05-07 00:03:39,313 DEBUG    root            Loaded Command Group: [u'gcloud', u'kms']
2020-05-07 00:03:39,316 DEBUG    root            Loaded Command Group: [u'gcloud', u'config']
2020-05-07 00:03:39,318 DEBUG    root            Loaded Command Group: [u'gcloud', u'access_context_manager']
2020-05-07 00:03:39,320 DEBUG    root            No implementation for release track [GA] for element: [/Users/jakevollkommer/Downloads/google-cloud-sdk/lib/surface/cloud_shell]
2020-05-07 00:03:39,321 DEBUG    root            No implementation for release track [GA] for element: [/Users/jakevollkommer/Downloads/google-cloud-sdk/lib/surface/privateca]
2020-05-07 00:03:39,321 DEBUG    root            Loaded Command Group: [u'gcloud', u'run']
2020-05-07 00:03:39,326 DEBUG    root            No implementation for release track [GA] for element: [/Users/jakevollkommer/Downloads/google-cloud-sdk/lib/surface/trace]
2020-05-07 00:03:39,326 DEBUG    root            No implementation for release track [GA] for element: [/Users/jakevollkommer/Downloads/google-cloud-sdk/lib/surface/genomics]
2020-05-07 00:03:39,327 DEBUG    root            No implementation for release track [GA] for element: [/Users/jakevollkommer/Downloads/google-cloud-sdk/lib/surface/labelmanager]
2020-05-07 00:03:39,328 DEBUG    root            Loaded Command Group: [u'gcloud', u'ml_engine']
2020-05-07 00:03:39,330 DEBUG    root            Loaded Command Group: [u'gcloud', u'iot']
2020-05-07 00:03:39,331 DEBUG    root            Loaded Command Group: [u'gcloud', u'firebase']
2020-05-07 00:03:39,333 DEBUG    root            Loaded Command Group: [u'gcloud', u'filestore']
2020-05-07 00:03:39,335 DEBUG    root            No implementation for release track [GA] for element: [/Users/jakevollkommer/Downloads/google-cloud-sdk/lib/surface/bq]
2020-05-07 00:03:39,336 DEBUG    root            Loaded Command Group: [u'gcloud', u'sql']
2020-05-07 00:03:39,338 DEBUG    root            Loaded Command Group: [u'gcloud', u'services']
2020-05-07 00:03:39,340 DEBUG    root            Loaded Command Group: [u'gcloud', u'recommender']
2020-05-07 00:03:39,342 DEBUG    root            Loaded Command Group: [u'gcloud', u'bigtable']
2020-05-07 00:03:39,343 DEBUG    root            Loaded Command Group: [u'gcloud', u'logging']
2020-05-07 00:03:39,346 DEBUG    root            Loaded Command Group: [u'gcloud', u'service_management']
2020-05-07 00:03:39,348 DEBUG    root            Loaded Command Group: [u'gcloud', u'secrets']
2020-05-07 00:03:39,350 DEBUG    root            No implementation for release track [GA] for element: [/Users/jakevollkommer/Downloads/google-cloud-sdk/lib/surface/remote_build_execution]
2020-05-07 00:03:39,351 DEBUG    root            No implementation for release track [GA] for element: [/Users/jakevollkommer/Downloads/google-cloud-sdk/lib/surface/runtime_config]
2020-05-07 00:03:39,355 DEBUG    root            Loaded Command Group: [u'gcloud', u'survey']
2020-05-07 00:03:39,357 DEBUG    root            Loaded Command Group: [u'gcloud', u'components']
2020-05-07 00:03:39,359 DEBUG    root            No implementation for release track [GA] for element: [/Users/jakevollkommer/Downloads/google-cloud-sdk/lib/surface/identity]
2020-05-07 00:03:39,360 DEBUG    root            Loaded Command Group: [u'gcloud', u'domains']
2020-05-07 00:03:39,365 DEBUG    root            Loaded Command Group: [u'gcloud', u'docker']
2020-05-07 00:03:39,441 DEBUG    root            No implementation for release track [GA] for element: [/Users/jakevollkommer/Downloads/google-cloud-sdk/lib/surface/interactive]
2020-05-07 00:03:39,442 DEBUG    root            Loaded Command Group: [u'gcloud', u'firestore']
2020-05-07 00:03:39,454 DEBUG    root            Metrics reporting process started...
