2020-05-07 00:07:54,315 DEBUG    root            Loaded Command Group: [u'gcloud', u'iam']
2020-05-07 00:07:54,318 DEBUG    root            Loaded Command Group: [u'gcloud', u'iam', u'service_accounts']
2020-05-07 00:07:54,353 DEBUG    root            Loaded Command Group: [u'gcloud', u'iam', u'service-accounts', u'remove_iam_policy_binding']
2020-05-07 00:07:54,374 DEBUG    root            Loaded Command Group: [u'gcloud', u'iam', u'service-accounts', u'enable']
2020-05-07 00:07:54,378 DEBUG    root            Loaded Command Group: [u'gcloud', u'iam', u'service-accounts', u'keys']
2020-05-07 00:07:54,380 DEBUG    root            Loaded Command Group: [u'gcloud', u'iam', u'service-accounts', u'describe']
2020-05-07 00:07:54,396 DEBUG    root            Loaded Command Group: [u'gcloud', u'iam', u'service-accounts', u'update']
2020-05-07 00:07:54,414 DEBUG    root            Loaded Command Group: [u'gcloud', u'iam', u'service-accounts', u'disable']
2020-05-07 00:07:54,418 DEBUG    root            Loaded Command Group: [u'gcloud', u'iam', u'service-accounts', u'set_iam_policy']
2020-05-07 00:07:54,433 DEBUG    root            Loaded Command Group: [u'gcloud', u'iam', u'service-accounts', u'add_iam_policy_binding']
2020-05-07 00:07:54,438 DEBUG    root            Loaded Command Group: [u'gcloud', u'iam', u'service-accounts', u'sign_blob']
2020-05-07 00:07:54,448 DEBUG    root            No implementation for release track [GA] for element: [/Users/jakevollkommer/Downloads/google-cloud-sdk/lib/surface/iam/service_accounts/undelete.yaml]
2020-05-07 00:07:54,449 DEBUG    root            No implementation for release track [GA] for element: [/Users/jakevollkommer/Downloads/google-cloud-sdk/lib/surface/iam/service_accounts/sign_jwt]
2020-05-07 00:07:54,450 DEBUG    root            No implementation for release track [GA] for element: [/Users/jakevollkommer/Downloads/google-cloud-sdk/lib/surface/iam/service_accounts/identity_bindings]
2020-05-07 00:07:54,451 DEBUG    root            Loaded Command Group: [u'gcloud', u'iam', u'service-accounts', u'list']
2020-05-07 00:07:54,452 DEBUG    root            Loaded Command Group: [u'gcloud', u'iam', u'service-accounts', u'get_iam_policy']
2020-05-07 00:07:54,454 DEBUG    root            Loaded Command Group: [u'gcloud', u'iam', u'service-accounts', u'create']
2020-05-07 00:07:54,456 DEBUG    root            Loaded Command Group: [u'gcloud', u'iam', u'service-accounts', u'delete']
2020-05-07 00:07:54,458 ERROR    root            (gcloud.iam.service-accounts) Invalid choice: 'remove'.
2020-05-07 00:07:54,508 DEBUG    root            Metrics reporting process started...
