2020-05-07 00:11:06,960 DEBUG    root            Loaded Command Group: [u'gcloud', u'iam']
2020-05-07 00:11:06,963 DEBUG    root            Loaded Command Group: [u'gcloud', u'iam', u'service_accounts']
2020-05-07 00:11:06,995 DEBUG    root            Loaded Command Group: [u'gcloud', u'iam', u'service-accounts', u'remove_iam_policy_binding']
2020-05-07 00:11:07,016 DEBUG    root            Loaded Command Group: [u'gcloud', u'iam', u'service-accounts', u'enable']
2020-05-07 00:11:07,021 DEBUG    root            Loaded Command Group: [u'gcloud', u'iam', u'service-accounts', u'keys']
2020-05-07 00:11:07,023 DEBUG    root            Loaded Command Group: [u'gcloud', u'iam', u'service-accounts', u'describe']
2020-05-07 00:11:07,040 DEBUG    root            Loaded Command Group: [u'gcloud', u'iam', u'service-accounts', u'update']
2020-05-07 00:11:07,059 DEBUG    root            Loaded Command Group: [u'gcloud', u'iam', u'service-accounts', u'disable']
2020-05-07 00:11:07,064 DEBUG    root            Loaded Command Group: [u'gcloud', u'iam', u'service-accounts', u'set_iam_policy']
2020-05-07 00:11:07,080 DEBUG    root            Loaded Command Group: [u'gcloud', u'iam', u'service-accounts', u'add_iam_policy_binding']
2020-05-07 00:11:07,085 DEBUG    root            Loaded Command Group: [u'gcloud', u'iam', u'service-accounts', u'sign_blob']
2020-05-07 00:11:07,096 DEBUG    root            No implementation for release track [GA] for element: [/Users/jakevollkommer/Downloads/google-cloud-sdk/lib/surface/iam/service_accounts/undelete.yaml]
2020-05-07 00:11:07,097 DEBUG    root            No implementation for release track [GA] for element: [/Users/jakevollkommer/Downloads/google-cloud-sdk/lib/surface/iam/service_accounts/sign_jwt]
2020-05-07 00:11:07,098 DEBUG    root            No implementation for release track [GA] for element: [/Users/jakevollkommer/Downloads/google-cloud-sdk/lib/surface/iam/service_accounts/identity_bindings]
2020-05-07 00:11:07,099 DEBUG    root            Loaded Command Group: [u'gcloud', u'iam', u'service-accounts', u'list']
2020-05-07 00:11:07,100 DEBUG    root            Loaded Command Group: [u'gcloud', u'iam', u'service-accounts', u'get_iam_policy']
2020-05-07 00:11:07,102 DEBUG    root            Loaded Command Group: [u'gcloud', u'iam', u'service-accounts', u'create']
2020-05-07 00:11:07,104 DEBUG    root            Loaded Command Group: [u'gcloud', u'iam', u'service-accounts', u'delete']
2020-05-07 00:11:07,105 ERROR    root            (gcloud.iam.service-accounts) Invalid choice: 'remove'.
2020-05-07 00:11:07,160 DEBUG    root            Metrics reporting process started...
