2020-05-06 23:56:45,047 DEBUG    root            Loaded Command Group: [u'gcloud', u'components']
2020-05-06 23:56:45,053 DEBUG    root            Loaded Command Group: [u'gcloud', u'components', u'update']
2020-05-06 23:56:45,055 DEBUG    root            Running [gcloud.components.update] with arguments: []
2020-05-06 23:56:45,998 INFO     ___FILE_ONLY___ 

2020-05-06 23:56:45,999 INFO     ___FILE_ONLY___ 
Your current Cloud SDK version is: 290.0.1

2020-05-06 23:56:45,999 INFO     ___FILE_ONLY___ You will be upgraded to version: 291.0.0

2020-05-06 23:56:46,000 INFO     ___FILE_ONLY___ 

2020-05-06 23:56:46,009 INFO     ___FILE_ONLY___  --------------------------------------------------------- 
2020-05-06 23:56:46,009 INFO     ___FILE_ONLY___ 

2020-05-06 23:56:46,010 INFO     ___FILE_ONLY___ |            These components will be updated.            |
2020-05-06 23:56:46,010 INFO     ___FILE_ONLY___ 

2020-05-06 23:56:46,011 INFO     ___FILE_ONLY___  --------------------------------- ------------ ---------- 
2020-05-06 23:56:46,011 INFO     ___FILE_ONLY___ 

2020-05-06 23:56:46,011 INFO     ___FILE_ONLY___ |               Name              |  Version   |   Size   |
2020-05-06 23:56:46,011 INFO     ___FILE_ONLY___ 

2020-05-06 23:56:46,011 INFO     ___FILE_ONLY___  --------------------------------- ------------ ---------- 
2020-05-06 23:56:46,012 INFO     ___FILE_ONLY___ 

2020-05-06 23:56:46,012 INFO     ___FILE_ONLY___ | 
2020-05-06 23:56:46,012 INFO     ___FILE_ONLY___ BigQuery Command Line Tool     
2020-05-06 23:56:46,012 INFO     ___FILE_ONLY___  
2020-05-06 23:56:46,012 INFO     ___FILE_ONLY___ | 
2020-05-06 23:56:46,013 INFO     ___FILE_ONLY___     2.0.57
2020-05-06 23:56:46,013 INFO     ___FILE_ONLY___  
2020-05-06 23:56:46,013 INFO     ___FILE_ONLY___ | 
2020-05-06 23:56:46,013 INFO     ___FILE_ONLY___  < 1 MiB
2020-05-06 23:56:46,014 INFO     ___FILE_ONLY___  
2020-05-06 23:56:46,014 INFO     ___FILE_ONLY___ |
2020-05-06 23:56:46,014 INFO     ___FILE_ONLY___ 

2020-05-06 23:56:46,014 INFO     ___FILE_ONLY___ | 
2020-05-06 23:56:46,015 INFO     ___FILE_ONLY___ Cloud SDK Core Libraries       
2020-05-06 23:56:46,015 INFO     ___FILE_ONLY___  
2020-05-06 23:56:46,015 INFO     ___FILE_ONLY___ | 
2020-05-06 23:56:46,015 INFO     ___FILE_ONLY___ 2020.05.01
2020-05-06 23:56:46,015 INFO     ___FILE_ONLY___  
2020-05-06 23:56:46,015 INFO     ___FILE_ONLY___ | 
2020-05-06 23:56:46,016 INFO     ___FILE_ONLY___ 14.5 MiB
2020-05-06 23:56:46,016 INFO     ___FILE_ONLY___  
2020-05-06 23:56:46,016 INFO     ___FILE_ONLY___ |
2020-05-06 23:56:46,016 INFO     ___FILE_ONLY___ 

2020-05-06 23:56:46,017 INFO     ___FILE_ONLY___ | 
2020-05-06 23:56:46,017 INFO     ___FILE_ONLY___ Cloud Storage Command Line Tool
2020-05-06 23:56:46,017 INFO     ___FILE_ONLY___  
2020-05-06 23:56:46,017 INFO     ___FILE_ONLY___ | 
2020-05-06 23:56:46,017 INFO     ___FILE_ONLY___       4.50
2020-05-06 23:56:46,018 INFO     ___FILE_ONLY___  
2020-05-06 23:56:46,018 INFO     ___FILE_ONLY___ | 
2020-05-06 23:56:46,018 INFO     ___FILE_ONLY___  3.5 MiB
2020-05-06 23:56:46,018 INFO     ___FILE_ONLY___  
2020-05-06 23:56:46,018 INFO     ___FILE_ONLY___ |
2020-05-06 23:56:46,018 INFO     ___FILE_ONLY___ 

2020-05-06 23:56:46,019 INFO     ___FILE_ONLY___ | 
2020-05-06 23:56:46,019 INFO     ___FILE_ONLY___ gcloud cli dependencies        
2020-05-06 23:56:46,019 INFO     ___FILE_ONLY___  
2020-05-06 23:56:46,019 INFO     ___FILE_ONLY___ | 
2020-05-06 23:56:46,019 INFO     ___FILE_ONLY___ 2020.05.01
2020-05-06 23:56:46,020 INFO     ___FILE_ONLY___  
2020-05-06 23:56:46,020 INFO     ___FILE_ONLY___ | 
2020-05-06 23:56:46,020 INFO     ___FILE_ONLY___  3.4 MiB
2020-05-06 23:56:46,020 INFO     ___FILE_ONLY___  
2020-05-06 23:56:46,020 INFO     ___FILE_ONLY___ |
2020-05-06 23:56:46,021 INFO     ___FILE_ONLY___ 

2020-05-06 23:56:46,021 INFO     ___FILE_ONLY___  --------------------------------- ------------ ---------- 
2020-05-06 23:56:46,021 INFO     ___FILE_ONLY___ 

2020-05-06 23:56:46,022 INFO     ___FILE_ONLY___ 

2020-05-06 23:56:47,808 INFO     ___FILE_ONLY___ The following release notes are new in this upgrade.
Please read carefully for information about new features, breaking changes,
and bugs fixed.  The latest full release notes can be viewed at:
  https://cloud.google.com/sdk/release_notes


2020-05-06 23:56:47,808 INFO     ___FILE_ONLY___ [m
2020-05-06 23:56:47,809 INFO     ___FILE_ONLY___ [1m291.0.0 (2020-05-05)[m

2020-05-06 23:56:47,809 INFO     ___FILE_ONLY___ [m
2020-05-06 23:56:47,809 INFO     ___FILE_ONLY___   
2020-05-06 23:56:47,809 INFO     ___FILE_ONLY___ [1mAI Platform[m

2020-05-06 23:56:47,809 INFO     ___FILE_ONLY___       o
2020-05-06 23:56:47,810 INFO     ___FILE_ONLY___  
2020-05-06 23:56:47,810 INFO     ___FILE_ONLY___ Added
2020-05-06 23:56:47,810 INFO     ___FILE_ONLY___  
2020-05-06 23:56:47,810 INFO     ___FILE_ONLY___ [1m--config[m
2020-05-06 23:56:47,810 INFO     ___FILE_ONLY___  
2020-05-06 23:56:47,811 INFO     ___FILE_ONLY___ to
2020-05-06 23:56:47,811 INFO     ___FILE_ONLY___  
2020-05-06 23:56:47,811 INFO     ___FILE_ONLY___ [1mgcloud
2020-05-06 23:56:47,811 INFO     ___FILE_ONLY___  
2020-05-06 23:56:47,811 INFO     ___FILE_ONLY___ beta
2020-05-06 23:56:47,812 INFO     ___FILE_ONLY___  
2020-05-06 23:56:47,812 INFO     ___FILE_ONLY___ ai-platform
2020-05-06 23:56:47,812 INFO     ___FILE_ONLY___  
2020-05-06 23:56:47,813 INFO     ___FILE_ONLY___ versions
2020-05-06 23:56:47,813 INFO     ___FILE_ONLY___  
2020-05-06 23:56:47,813 INFO     ___FILE_ONLY___ update[m
2020-05-06 23:56:47,813 INFO     ___FILE_ONLY___  
2020-05-06 23:56:47,813 INFO     ___FILE_ONLY___ and
2020-05-06 23:56:47,814 INFO     ___FILE_ONLY___  
2020-05-06 23:56:47,814 INFO     ___FILE_ONLY___ [1mgcloud
2020-05-06 23:56:47,814 INFO     ___FILE_ONLY___ 

2020-05-06 23:56:47,814 INFO     ___FILE_ONLY___         
2020-05-06 23:56:47,814 INFO     ___FILE_ONLY___ beta
2020-05-06 23:56:47,814 INFO     ___FILE_ONLY___  
2020-05-06 23:56:47,814 INFO     ___FILE_ONLY___ ai-platform
2020-05-06 23:56:47,815 INFO     ___FILE_ONLY___  
2020-05-06 23:56:47,815 INFO     ___FILE_ONLY___ versions
2020-05-06 23:56:47,815 INFO     ___FILE_ONLY___  
2020-05-06 23:56:47,815 INFO     ___FILE_ONLY___ update[m
2020-05-06 23:56:47,815 INFO     ___FILE_ONLY___  
2020-05-06 23:56:47,816 INFO     ___FILE_ONLY___ to
2020-05-06 23:56:47,816 INFO     ___FILE_ONLY___  
2020-05-06 23:56:47,816 INFO     ___FILE_ONLY___ allow
2020-05-06 23:56:47,816 INFO     ___FILE_ONLY___  
2020-05-06 23:56:47,816 INFO     ___FILE_ONLY___ specifying
2020-05-06 23:56:47,817 INFO     ___FILE_ONLY___  
2020-05-06 23:56:47,817 INFO     ___FILE_ONLY___ manual
2020-05-06 23:56:47,817 INFO     ___FILE_ONLY___  
2020-05-06 23:56:47,817 INFO     ___FILE_ONLY___ and
2020-05-06 23:56:47,817 INFO     ___FILE_ONLY___ 

2020-05-06 23:56:47,817 INFO     ___FILE_ONLY___         
2020-05-06 23:56:47,818 INFO     ___FILE_ONLY___ auto-scaling
2020-05-06 23:56:47,818 INFO     ___FILE_ONLY___  
2020-05-06 23:56:47,818 INFO     ___FILE_ONLY___ parameters.
2020-05-06 23:56:47,818 INFO     ___FILE_ONLY___ 

2020-05-06 23:56:47,818 INFO     ___FILE_ONLY___ 

2020-05-06 23:56:47,818 INFO     ___FILE_ONLY___ [m
2020-05-06 23:56:47,819 INFO     ___FILE_ONLY___   
2020-05-06 23:56:47,819 INFO     ___FILE_ONLY___ [1mApp Engine[m

2020-05-06 23:56:47,819 INFO     ___FILE_ONLY___       o
2020-05-06 23:56:47,819 INFO     ___FILE_ONLY___  
2020-05-06 23:56:47,820 INFO     ___FILE_ONLY___ Updated
2020-05-06 23:56:47,820 INFO     ___FILE_ONLY___  
2020-05-06 23:56:47,820 INFO     ___FILE_ONLY___ the
2020-05-06 23:56:47,820 INFO     ___FILE_ONLY___  
2020-05-06 23:56:47,820 INFO     ___FILE_ONLY___ Java
2020-05-06 23:56:47,821 INFO     ___FILE_ONLY___  
2020-05-06 23:56:47,821 INFO     ___FILE_ONLY___ SDK
2020-05-06 23:56:47,821 INFO     ___FILE_ONLY___  
2020-05-06 23:56:47,821 INFO     ___FILE_ONLY___ to
2020-05-06 23:56:47,821 INFO     ___FILE_ONLY___  
2020-05-06 23:56:47,821 INFO     ___FILE_ONLY___ version
2020-05-06 23:56:47,821 INFO     ___FILE_ONLY___  
2020-05-06 23:56:47,822 INFO     ___FILE_ONLY___ 1.9.80.
2020-05-06 23:56:47,822 INFO     ___FILE_ONLY___  
2020-05-06 23:56:47,822 INFO     ___FILE_ONLY___ Please
2020-05-06 23:56:47,822 INFO     ___FILE_ONLY___  
2020-05-06 23:56:47,822 INFO     ___FILE_ONLY___ visit
2020-05-06 23:56:47,822 INFO     ___FILE_ONLY___  
2020-05-06 23:56:47,822 INFO     ___FILE_ONLY___ the
2020-05-06 23:56:47,822 INFO     ___FILE_ONLY___  
2020-05-06 23:56:47,823 INFO     ___FILE_ONLY___ following
2020-05-06 23:56:47,823 INFO     ___FILE_ONLY___ 

2020-05-06 23:56:47,823 INFO     ___FILE_ONLY___         
2020-05-06 23:56:47,823 INFO     ___FILE_ONLY___ release
2020-05-06 23:56:47,823 INFO     ___FILE_ONLY___  
2020-05-06 23:56:47,823 INFO     ___FILE_ONLY___ notes
2020-05-06 23:56:47,823 INFO     ___FILE_ONLY___  
2020-05-06 23:56:47,823 INFO     ___FILE_ONLY___ for
2020-05-06 23:56:47,824 INFO     ___FILE_ONLY___  
2020-05-06 23:56:47,824 INFO     ___FILE_ONLY___ details:
2020-05-06 23:56:47,824 INFO     ___FILE_ONLY___ 

2020-05-06 23:56:47,824 INFO     ___FILE_ONLY___         
2020-05-06 23:56:47,824 INFO     ___FILE_ONLY___ <https://cloud.google.com/appengine/docs/java/release-notes>.
2020-05-06 23:56:47,824 INFO     ___FILE_ONLY___ 

2020-05-06 23:56:47,824 INFO     ___FILE_ONLY___ 

2020-05-06 23:56:47,824 INFO     ___FILE_ONLY___ [m
2020-05-06 23:56:47,824 INFO     ___FILE_ONLY___   
2020-05-06 23:56:47,824 INFO     ___FILE_ONLY___ [1mBigQuery[m

2020-05-06 23:56:47,825 INFO     ___FILE_ONLY___       o
2020-05-06 23:56:47,825 INFO     ___FILE_ONLY___  
2020-05-06 23:56:47,825 INFO     ___FILE_ONLY___ Enabled
2020-05-06 23:56:47,825 INFO     ___FILE_ONLY___  
2020-05-06 23:56:47,825 INFO     ___FILE_ONLY___ purchasing
2020-05-06 23:56:47,825 INFO     ___FILE_ONLY___  
2020-05-06 23:56:47,825 INFO     ___FILE_ONLY___ capacity
2020-05-06 23:56:47,825 INFO     ___FILE_ONLY___  
2020-05-06 23:56:47,825 INFO     ___FILE_ONLY___ commitments
2020-05-06 23:56:47,826 INFO     ___FILE_ONLY___  
2020-05-06 23:56:47,826 INFO     ___FILE_ONLY___ through
2020-05-06 23:56:47,826 INFO     ___FILE_ONLY___  
2020-05-06 23:56:47,826 INFO     ___FILE_ONLY___ the
2020-05-06 23:56:47,826 INFO     ___FILE_ONLY___  
2020-05-06 23:56:47,826 INFO     ___FILE_ONLY___ BQCLI.
2020-05-06 23:56:47,826 INFO     ___FILE_ONLY___ 

2020-05-06 23:56:47,827 INFO     ___FILE_ONLY___       o
2020-05-06 23:56:47,827 INFO     ___FILE_ONLY___  
2020-05-06 23:56:47,827 INFO     ___FILE_ONLY___ Added
2020-05-06 23:56:47,827 INFO     ___FILE_ONLY___  
2020-05-06 23:56:47,827 INFO     ___FILE_ONLY___ support
2020-05-06 23:56:47,827 INFO     ___FILE_ONLY___  
2020-05-06 23:56:47,828 INFO     ___FILE_ONLY___ for
2020-05-06 23:56:47,828 INFO     ___FILE_ONLY___  
2020-05-06 23:56:47,828 INFO     ___FILE_ONLY___ passing
2020-05-06 23:56:47,828 INFO     ___FILE_ONLY___  
2020-05-06 23:56:47,828 INFO     ___FILE_ONLY___ empty
2020-05-06 23:56:47,828 INFO     ___FILE_ONLY___  
2020-05-06 23:56:47,828 INFO     ___FILE_ONLY___ array
2020-05-06 23:56:47,828 INFO     ___FILE_ONLY___  
2020-05-06 23:56:47,829 INFO     ___FILE_ONLY___ parameters.
2020-05-06 23:56:47,829 INFO     ___FILE_ONLY___ 

2020-05-06 23:56:47,829 INFO     ___FILE_ONLY___       o
2020-05-06 23:56:47,829 INFO     ___FILE_ONLY___  
2020-05-06 23:56:47,829 INFO     ___FILE_ONLY___ Fixed
2020-05-06 23:56:47,829 INFO     ___FILE_ONLY___  
2020-05-06 23:56:47,829 INFO     ___FILE_ONLY___ issues
2020-05-06 23:56:47,830 INFO     ___FILE_ONLY___  
2020-05-06 23:56:47,830 INFO     ___FILE_ONLY___ with
2020-05-06 23:56:47,830 INFO     ___FILE_ONLY___  
2020-05-06 23:56:47,830 INFO     ___FILE_ONLY___ handling
2020-05-06 23:56:47,830 INFO     ___FILE_ONLY___  
2020-05-06 23:56:47,830 INFO     ___FILE_ONLY___ of
2020-05-06 23:56:47,830 INFO     ___FILE_ONLY___  
2020-05-06 23:56:47,830 INFO     ___FILE_ONLY___ YAML
2020-05-06 23:56:47,831 INFO     ___FILE_ONLY___  
2020-05-06 23:56:47,831 INFO     ___FILE_ONLY___ parse
2020-05-06 23:56:47,831 INFO     ___FILE_ONLY___  
2020-05-06 23:56:47,831 INFO     ___FILE_ONLY___ errors.
2020-05-06 23:56:47,831 INFO     ___FILE_ONLY___ 

2020-05-06 23:56:47,831 INFO     ___FILE_ONLY___       o
2020-05-06 23:56:47,832 INFO     ___FILE_ONLY___  
2020-05-06 23:56:47,832 INFO     ___FILE_ONLY___ Fixed
2020-05-06 23:56:47,832 INFO     ___FILE_ONLY___  
2020-05-06 23:56:47,832 INFO     ___FILE_ONLY___ vulnerabilities
2020-05-06 23:56:47,832 INFO     ___FILE_ONLY___  
2020-05-06 23:56:47,832 INFO     ___FILE_ONLY___ related
2020-05-06 23:56:47,832 INFO     ___FILE_ONLY___  
2020-05-06 23:56:47,832 INFO     ___FILE_ONLY___ to
2020-05-06 23:56:47,832 INFO     ___FILE_ONLY___  
2020-05-06 23:56:47,833 INFO     ___FILE_ONLY___ pre-packaged
2020-05-06 23:56:47,833 INFO     ___FILE_ONLY___  
2020-05-06 23:56:47,833 INFO     ___FILE_ONLY___ dependencies.
2020-05-06 23:56:47,833 INFO     ___FILE_ONLY___ 

2020-05-06 23:56:47,833 INFO     ___FILE_ONLY___ 

2020-05-06 23:56:47,833 INFO     ___FILE_ONLY___ [m
2020-05-06 23:56:47,833 INFO     ___FILE_ONLY___   
2020-05-06 23:56:47,833 INFO     ___FILE_ONLY___ [1mCloud Access Context Manager[m

2020-05-06 23:56:47,833 INFO     ___FILE_ONLY___       o
2020-05-06 23:56:47,834 INFO     ___FILE_ONLY___  
2020-05-06 23:56:47,834 INFO     ___FILE_ONLY___ Promoted
2020-05-06 23:56:47,834 INFO     ___FILE_ONLY___  
2020-05-06 23:56:47,834 INFO     ___FILE_ONLY___ [1mgcloud
2020-05-06 23:56:47,834 INFO     ___FILE_ONLY___  
2020-05-06 23:56:47,834 INFO     ___FILE_ONLY___ access-context-manager
2020-05-06 23:56:47,834 INFO     ___FILE_ONLY___  
2020-05-06 23:56:47,834 INFO     ___FILE_ONLY___ perimeters
2020-05-06 23:56:47,834 INFO     ___FILE_ONLY___  
2020-05-06 23:56:47,834 INFO     ___FILE_ONLY___ dry-run[m
2020-05-06 23:56:47,835 INFO     ___FILE_ONLY___  
2020-05-06 23:56:47,835 INFO     ___FILE_ONLY___ command
2020-05-06 23:56:47,835 INFO     ___FILE_ONLY___ 

2020-05-06 23:56:47,835 INFO     ___FILE_ONLY___         
2020-05-06 23:56:47,835 INFO     ___FILE_ONLY___ group
2020-05-06 23:56:47,835 INFO     ___FILE_ONLY___  
2020-05-06 23:56:47,835 INFO     ___FILE_ONLY___ to
2020-05-06 23:56:47,835 INFO     ___FILE_ONLY___  
2020-05-06 23:56:47,835 INFO     ___FILE_ONLY___ GA.
2020-05-06 23:56:47,835 INFO     ___FILE_ONLY___ 

2020-05-06 23:56:47,836 INFO     ___FILE_ONLY___       o
2020-05-06 23:56:47,836 INFO     ___FILE_ONLY___  
2020-05-06 23:56:47,836 INFO     ___FILE_ONLY___ Added
2020-05-06 23:56:47,836 INFO     ___FILE_ONLY___  
2020-05-06 23:56:47,836 INFO     ___FILE_ONLY___ the
2020-05-06 23:56:47,836 INFO     ___FILE_ONLY___  
2020-05-06 23:56:47,836 INFO     ___FILE_ONLY___ following
2020-05-06 23:56:47,837 INFO     ___FILE_ONLY___  
2020-05-06 23:56:47,837 INFO     ___FILE_ONLY___ flags
2020-05-06 23:56:47,837 INFO     ___FILE_ONLY___  
2020-05-06 23:56:47,837 INFO     ___FILE_ONLY___ to
2020-05-06 23:56:47,837 INFO     ___FILE_ONLY___  
2020-05-06 23:56:47,837 INFO     ___FILE_ONLY___ [1mgcloud
2020-05-06 23:56:47,837 INFO     ___FILE_ONLY___  
2020-05-06 23:56:47,837 INFO     ___FILE_ONLY___ access-context-manager
2020-05-06 23:56:47,838 INFO     ___FILE_ONLY___  
2020-05-06 23:56:47,838 INFO     ___FILE_ONLY___ perimeters
2020-05-06 23:56:47,838 INFO     ___FILE_ONLY___ 

2020-05-06 23:56:47,838 INFO     ___FILE_ONLY___         
2020-05-06 23:56:47,838 INFO     ___FILE_ONLY___ create[m:
2020-05-06 23:56:47,838 INFO     ___FILE_ONLY___ 

2020-05-06 23:56:47,838 INFO     ___FILE_ONLY___         *
2020-05-06 23:56:47,838 INFO     ___FILE_ONLY___  
2020-05-06 23:56:47,838 INFO     ___FILE_ONLY___ [1m--enable-vpc-accessible-services[m
2020-05-06 23:56:47,839 INFO     ___FILE_ONLY___ 

2020-05-06 23:56:47,839 INFO     ___FILE_ONLY___         *
2020-05-06 23:56:47,839 INFO     ___FILE_ONLY___  
2020-05-06 23:56:47,839 INFO     ___FILE_ONLY___ [1m--vpc-allowed-services[m
2020-05-06 23:56:47,839 INFO     ___FILE_ONLY___ 

2020-05-06 23:56:47,839 INFO     ___FILE_ONLY___       o
2020-05-06 23:56:47,839 INFO     ___FILE_ONLY___  
2020-05-06 23:56:47,839 INFO     ___FILE_ONLY___ Added
2020-05-06 23:56:47,839 INFO     ___FILE_ONLY___  
2020-05-06 23:56:47,840 INFO     ___FILE_ONLY___ the
2020-05-06 23:56:47,840 INFO     ___FILE_ONLY___  
2020-05-06 23:56:47,840 INFO     ___FILE_ONLY___ following
2020-05-06 23:56:47,840 INFO     ___FILE_ONLY___  
2020-05-06 23:56:47,840 INFO     ___FILE_ONLY___ flags
2020-05-06 23:56:47,840 INFO     ___FILE_ONLY___  
2020-05-06 23:56:47,840 INFO     ___FILE_ONLY___ to
2020-05-06 23:56:47,840 INFO     ___FILE_ONLY___  
2020-05-06 23:56:47,840 INFO     ___FILE_ONLY___ [1mgcloud
2020-05-06 23:56:47,840 INFO     ___FILE_ONLY___  
2020-05-06 23:56:47,840 INFO     ___FILE_ONLY___ access-context-manager
2020-05-06 23:56:47,841 INFO     ___FILE_ONLY___  
2020-05-06 23:56:47,841 INFO     ___FILE_ONLY___ perimeters
2020-05-06 23:56:47,841 INFO     ___FILE_ONLY___ 

2020-05-06 23:56:47,841 INFO     ___FILE_ONLY___         
2020-05-06 23:56:47,841 INFO     ___FILE_ONLY___ update[m:
2020-05-06 23:56:47,841 INFO     ___FILE_ONLY___ 

2020-05-06 23:56:47,841 INFO     ___FILE_ONLY___         *
2020-05-06 23:56:47,841 INFO     ___FILE_ONLY___  
2020-05-06 23:56:47,841 INFO     ___FILE_ONLY___ [1m--enable-vpc-accessible-services[m
2020-05-06 23:56:47,841 INFO     ___FILE_ONLY___ 

2020-05-06 23:56:47,841 INFO     ___FILE_ONLY___         *
2020-05-06 23:56:47,842 INFO     ___FILE_ONLY___  
2020-05-06 23:56:47,842 INFO     ___FILE_ONLY___ [1m--add-vpc-allowed-services[m
2020-05-06 23:56:47,842 INFO     ___FILE_ONLY___ 

2020-05-06 23:56:47,842 INFO     ___FILE_ONLY___         *
2020-05-06 23:56:47,842 INFO     ___FILE_ONLY___  
2020-05-06 23:56:47,842 INFO     ___FILE_ONLY___ [1m--clear-vpc-allowed-services[m
2020-05-06 23:56:47,842 INFO     ___FILE_ONLY___ 

2020-05-06 23:56:47,842 INFO     ___FILE_ONLY___         *
2020-05-06 23:56:47,843 INFO     ___FILE_ONLY___  
2020-05-06 23:56:47,843 INFO     ___FILE_ONLY___ [1m--remove-vpc-allowed-services[m
2020-05-06 23:56:47,843 INFO     ___FILE_ONLY___ 

2020-05-06 23:56:47,843 INFO     ___FILE_ONLY___ 

2020-05-06 23:56:47,843 INFO     ___FILE_ONLY___ [m
2020-05-06 23:56:47,843 INFO     ___FILE_ONLY___   
2020-05-06 23:56:47,843 INFO     ___FILE_ONLY___ [1mCloud Dataproc[m

2020-05-06 23:56:47,843 INFO     ___FILE_ONLY___       o
2020-05-06 23:56:47,844 INFO     ___FILE_ONLY___  
2020-05-06 23:56:47,844 INFO     ___FILE_ONLY___ Added
2020-05-06 23:56:47,844 INFO     ___FILE_ONLY___  
2020-05-06 23:56:47,844 INFO     ___FILE_ONLY___ [1m--secondary-worker-type[m
2020-05-06 23:56:47,845 INFO     ___FILE_ONLY___  
2020-05-06 23:56:47,845 INFO     ___FILE_ONLY___ to
2020-05-06 23:56:47,845 INFO     ___FILE_ONLY___  
2020-05-06 23:56:47,845 INFO     ___FILE_ONLY___ [1mgcloud
2020-05-06 23:56:47,845 INFO     ___FILE_ONLY___  
2020-05-06 23:56:47,845 INFO     ___FILE_ONLY___ dataproc
2020-05-06 23:56:47,846 INFO     ___FILE_ONLY___  
2020-05-06 23:56:47,846 INFO     ___FILE_ONLY___ clusters
2020-05-06 23:56:47,846 INFO     ___FILE_ONLY___  
2020-05-06 23:56:47,846 INFO     ___FILE_ONLY___ create[m
2020-05-06 23:56:47,846 INFO     ___FILE_ONLY___ 

2020-05-06 23:56:47,847 INFO     ___FILE_ONLY___    
2020-05-06 23:56:47,847 INFO     ___FILE_ONLY___  
2020-05-06 23:56:47,847 INFO     ___FILE_ONLY___ and
2020-05-06 23:56:47,847 INFO     ___FILE_ONLY___  
2020-05-06 23:56:47,847 INFO     ___FILE_ONLY___ [1mgcloud
2020-05-06 23:56:47,847 INFO     ___FILE_ONLY___  
2020-05-06 23:56:47,847 INFO     ___FILE_ONLY___ dataproc
2020-05-06 23:56:47,848 INFO     ___FILE_ONLY___  
2020-05-06 23:56:47,848 INFO     ___FILE_ONLY___ workflow-templates
2020-05-06 23:56:47,848 INFO     ___FILE_ONLY___  
2020-05-06 23:56:47,848 INFO     ___FILE_ONLY___ set-managed-cluster[m
2020-05-06 23:56:47,848 INFO     ___FILE_ONLY___  
2020-05-06 23:56:47,848 INFO     ___FILE_ONLY___ commands.
2020-05-06 23:56:47,848 INFO     ___FILE_ONLY___  
2020-05-06 23:56:47,848 INFO     ___FILE_ONLY___ This
2020-05-06 23:56:47,849 INFO     ___FILE_ONLY___ 

2020-05-06 23:56:47,849 INFO     ___FILE_ONLY___     
2020-05-06 23:56:47,849 INFO     ___FILE_ONLY___ adds
2020-05-06 23:56:47,849 INFO     ___FILE_ONLY___  
2020-05-06 23:56:47,849 INFO     ___FILE_ONLY___ the
2020-05-06 23:56:47,849 INFO     ___FILE_ONLY___  
2020-05-06 23:56:47,849 INFO     ___FILE_ONLY___ ability
2020-05-06 23:56:47,849 INFO     ___FILE_ONLY___  
2020-05-06 23:56:47,849 INFO     ___FILE_ONLY___ to
2020-05-06 23:56:47,849 INFO     ___FILE_ONLY___  
2020-05-06 23:56:47,850 INFO     ___FILE_ONLY___ create
2020-05-06 23:56:47,850 INFO     ___FILE_ONLY___  
2020-05-06 23:56:47,850 INFO     ___FILE_ONLY___ a
2020-05-06 23:56:47,850 INFO     ___FILE_ONLY___  
2020-05-06 23:56:47,850 INFO     ___FILE_ONLY___ cluster
2020-05-06 23:56:47,850 INFO     ___FILE_ONLY___  
2020-05-06 23:56:47,850 INFO     ___FILE_ONLY___ with
2020-05-06 23:56:47,850 INFO     ___FILE_ONLY___  
2020-05-06 23:56:47,850 INFO     ___FILE_ONLY___ secondary
2020-05-06 23:56:47,850 INFO     ___FILE_ONLY___  
2020-05-06 23:56:47,851 INFO     ___FILE_ONLY___ workers
2020-05-06 23:56:47,851 INFO     ___FILE_ONLY___  
2020-05-06 23:56:47,851 INFO     ___FILE_ONLY___ that
2020-05-06 23:56:47,851 INFO     ___FILE_ONLY___  
2020-05-06 23:56:47,851 INFO     ___FILE_ONLY___ are
2020-05-06 23:56:47,851 INFO     ___FILE_ONLY___ 

2020-05-06 23:56:47,851 INFO     ___FILE_ONLY___     
2020-05-06 23:56:47,851 INFO     ___FILE_ONLY___ non-preemptible.
2020-05-06 23:56:47,852 INFO     ___FILE_ONLY___  
2020-05-06 23:56:47,852 INFO     ___FILE_ONLY___ If
2020-05-06 23:56:47,852 INFO     ___FILE_ONLY___  
2020-05-06 23:56:47,852 INFO     ___FILE_ONLY___ unspecified,
2020-05-06 23:56:47,852 INFO     ___FILE_ONLY___  
2020-05-06 23:56:47,852 INFO     ___FILE_ONLY___ secondary
2020-05-06 23:56:47,852 INFO     ___FILE_ONLY___  
2020-05-06 23:56:47,853 INFO     ___FILE_ONLY___ workers
2020-05-06 23:56:47,853 INFO     ___FILE_ONLY___  
2020-05-06 23:56:47,853 INFO     ___FILE_ONLY___ continue
2020-05-06 23:56:47,853 INFO     ___FILE_ONLY___  
2020-05-06 23:56:47,853 INFO     ___FILE_ONLY___ to
2020-05-06 23:56:47,853 INFO     ___FILE_ONLY___  
2020-05-06 23:56:47,853 INFO     ___FILE_ONLY___ be
2020-05-06 23:56:47,853 INFO     ___FILE_ONLY___ 

2020-05-06 23:56:47,854 INFO     ___FILE_ONLY___     
2020-05-06 23:56:47,854 INFO     ___FILE_ONLY___ preemptible
2020-05-06 23:56:47,854 INFO     ___FILE_ONLY___  
2020-05-06 23:56:47,854 INFO     ___FILE_ONLY___ by
2020-05-06 23:56:47,854 INFO     ___FILE_ONLY___  
2020-05-06 23:56:47,854 INFO     ___FILE_ONLY___ default.
2020-05-06 23:56:47,854 INFO     ___FILE_ONLY___ 

2020-05-06 23:56:47,854 INFO     ___FILE_ONLY___ 

2020-05-06 23:56:47,854 INFO     ___FILE_ONLY___ [m
2020-05-06 23:56:47,855 INFO     ___FILE_ONLY___   
2020-05-06 23:56:47,855 INFO     ___FILE_ONLY___ [1mCloud Functions[m

2020-05-06 23:56:47,855 INFO     ___FILE_ONLY___       o
2020-05-06 23:56:47,855 INFO     ___FILE_ONLY___  
2020-05-06 23:56:47,855 INFO     ___FILE_ONLY___ [1mgcloud
2020-05-06 23:56:47,855 INFO     ___FILE_ONLY___  
2020-05-06 23:56:47,855 INFO     ___FILE_ONLY___ functions
2020-05-06 23:56:47,856 INFO     ___FILE_ONLY___  
2020-05-06 23:56:47,856 INFO     ___FILE_ONLY___ logs
2020-05-06 23:56:47,856 INFO     ___FILE_ONLY___  
2020-05-06 23:56:47,856 INFO     ___FILE_ONLY___ read[m
2020-05-06 23:56:47,856 INFO     ___FILE_ONLY___  
2020-05-06 23:56:47,856 INFO     ___FILE_ONLY___ now
2020-05-06 23:56:47,856 INFO     ___FILE_ONLY___  
2020-05-06 23:56:47,856 INFO     ___FILE_ONLY___ understands
2020-05-06 23:56:47,856 INFO     ___FILE_ONLY___  
2020-05-06 23:56:47,856 INFO     ___FILE_ONLY___ log
2020-05-06 23:56:47,857 INFO     ___FILE_ONLY___  
2020-05-06 23:56:47,857 INFO     ___FILE_ONLY___ entries
2020-05-06 23:56:47,857 INFO     ___FILE_ONLY___  
2020-05-06 23:56:47,857 INFO     ___FILE_ONLY___ with
2020-05-06 23:56:47,857 INFO     ___FILE_ONLY___  
2020-05-06 23:56:47,857 INFO     ___FILE_ONLY___ JSON
2020-05-06 23:56:47,857 INFO     ___FILE_ONLY___ 

2020-05-06 23:56:47,857 INFO     ___FILE_ONLY___         
2020-05-06 23:56:47,857 INFO     ___FILE_ONLY___ payloads.
2020-05-06 23:56:47,857 INFO     ___FILE_ONLY___ 

2020-05-06 23:56:47,857 INFO     ___FILE_ONLY___ 

2020-05-06 23:56:47,858 INFO     ___FILE_ONLY___ [m
2020-05-06 23:56:47,858 INFO     ___FILE_ONLY___   
2020-05-06 23:56:47,858 INFO     ___FILE_ONLY___ [1mCloud Healthcare[m

2020-05-06 23:56:47,858 INFO     ___FILE_ONLY___       o
2020-05-06 23:56:47,858 INFO     ___FILE_ONLY___  
2020-05-06 23:56:47,858 INFO     ___FILE_ONLY___ Promoted
2020-05-06 23:56:47,858 INFO     ___FILE_ONLY___  
2020-05-06 23:56:47,858 INFO     ___FILE_ONLY___ [1mgcloud
2020-05-06 23:56:47,859 INFO     ___FILE_ONLY___  
2020-05-06 23:56:47,859 INFO     ___FILE_ONLY___ healthcare[m
2020-05-06 23:56:47,859 INFO     ___FILE_ONLY___  
2020-05-06 23:56:47,859 INFO     ___FILE_ONLY___ command
2020-05-06 23:56:47,859 INFO     ___FILE_ONLY___  
2020-05-06 23:56:47,859 INFO     ___FILE_ONLY___ group
2020-05-06 23:56:47,859 INFO     ___FILE_ONLY___  
2020-05-06 23:56:47,859 INFO     ___FILE_ONLY___ to
2020-05-06 23:56:47,859 INFO     ___FILE_ONLY___  
2020-05-06 23:56:47,859 INFO     ___FILE_ONLY___ GA.
2020-05-06 23:56:47,859 INFO     ___FILE_ONLY___ 

2020-05-06 23:56:47,860 INFO     ___FILE_ONLY___       o
2020-05-06 23:56:47,860 INFO     ___FILE_ONLY___  
2020-05-06 23:56:47,860 INFO     ___FILE_ONLY___ This
2020-05-06 23:56:47,860 INFO     ___FILE_ONLY___  
2020-05-06 23:56:47,860 INFO     ___FILE_ONLY___ release
2020-05-06 23:56:47,860 INFO     ___FILE_ONLY___  
2020-05-06 23:56:47,860 INFO     ___FILE_ONLY___ includes
2020-05-06 23:56:47,861 INFO     ___FILE_ONLY___  
2020-05-06 23:56:47,861 INFO     ___FILE_ONLY___ some
2020-05-06 23:56:47,861 INFO     ___FILE_ONLY___  
2020-05-06 23:56:47,861 INFO     ___FILE_ONLY___ major
2020-05-06 23:56:47,861 INFO     ___FILE_ONLY___  
2020-05-06 23:56:47,861 INFO     ___FILE_ONLY___ changes
2020-05-06 23:56:47,861 INFO     ___FILE_ONLY___  
2020-05-06 23:56:47,862 INFO     ___FILE_ONLY___ that
2020-05-06 23:56:47,862 INFO     ___FILE_ONLY___  
2020-05-06 23:56:47,862 INFO     ___FILE_ONLY___ are
2020-05-06 23:56:47,862 INFO     ___FILE_ONLY___  
2020-05-06 23:56:47,862 INFO     ___FILE_ONLY___ different
2020-05-06 23:56:47,862 INFO     ___FILE_ONLY___  
2020-05-06 23:56:47,863 INFO     ___FILE_ONLY___ from
2020-05-06 23:56:47,863 INFO     ___FILE_ONLY___ 

2020-05-06 23:56:47,863 INFO     ___FILE_ONLY___         
2020-05-06 23:56:47,863 INFO     ___FILE_ONLY___ beta.
2020-05-06 23:56:47,863 INFO     ___FILE_ONLY___ 

2020-05-06 23:56:47,863 INFO     ___FILE_ONLY___         *
2020-05-06 23:56:47,863 INFO     ___FILE_ONLY___  
2020-05-06 23:56:47,863 INFO     ___FILE_ONLY___ FHIR
2020-05-06 23:56:47,864 INFO     ___FILE_ONLY___  
2020-05-06 23:56:47,864 INFO     ___FILE_ONLY___ store
2020-05-06 23:56:47,864 INFO     ___FILE_ONLY___  
2020-05-06 23:56:47,864 INFO     ___FILE_ONLY___ creation
2020-05-06 23:56:47,864 INFO     ___FILE_ONLY___  
2020-05-06 23:56:47,864 INFO     ___FILE_ONLY___ requires
2020-05-06 23:56:47,864 INFO     ___FILE_ONLY___  
2020-05-06 23:56:47,864 INFO     ___FILE_ONLY___ a
2020-05-06 23:56:47,865 INFO     ___FILE_ONLY___  
2020-05-06 23:56:47,865 INFO     ___FILE_ONLY___ [1mversion[m
2020-05-06 23:56:47,865 INFO     ___FILE_ONLY___  
2020-05-06 23:56:47,865 INFO     ___FILE_ONLY___ in
2020-05-06 23:56:47,865 INFO     ___FILE_ONLY___  
2020-05-06 23:56:47,865 INFO     ___FILE_ONLY___ GA,
2020-05-06 23:56:47,865 INFO     ___FILE_ONLY___  
2020-05-06 23:56:47,865 INFO     ___FILE_ONLY___ or
2020-05-06 23:56:47,865 INFO     ___FILE_ONLY___  
2020-05-06 23:56:47,865 INFO     ___FILE_ONLY___ the
2020-05-06 23:56:47,865 INFO     ___FILE_ONLY___  
2020-05-06 23:56:47,866 INFO     ___FILE_ONLY___ request
2020-05-06 23:56:47,866 INFO     ___FILE_ONLY___  
2020-05-06 23:56:47,866 INFO     ___FILE_ONLY___ will
2020-05-06 23:56:47,866 INFO     ___FILE_ONLY___ 

2020-05-06 23:56:47,866 INFO     ___FILE_ONLY___           
2020-05-06 23:56:47,866 INFO     ___FILE_ONLY___ fail.
2020-05-06 23:56:47,866 INFO     ___FILE_ONLY___ 

2020-05-06 23:56:47,866 INFO     ___FILE_ONLY___         *
2020-05-06 23:56:47,867 INFO     ___FILE_ONLY___  
2020-05-06 23:56:47,867 INFO     ___FILE_ONLY___ HL7V2
2020-05-06 23:56:47,867 INFO     ___FILE_ONLY___  
2020-05-06 23:56:47,867 INFO     ___FILE_ONLY___ stores
2020-05-06 23:56:47,867 INFO     ___FILE_ONLY___  
2020-05-06 23:56:47,867 INFO     ___FILE_ONLY___ can
2020-05-06 23:56:47,867 INFO     ___FILE_ONLY___  
2020-05-06 23:56:47,867 INFO     ___FILE_ONLY___ now
2020-05-06 23:56:47,868 INFO     ___FILE_ONLY___  
2020-05-06 23:56:47,868 INFO     ___FILE_ONLY___ have
2020-05-06 23:56:47,868 INFO     ___FILE_ONLY___  
2020-05-06 23:56:47,868 INFO     ___FILE_ONLY___ multiple
2020-05-06 23:56:47,868 INFO     ___FILE_ONLY___  
2020-05-06 23:56:47,868 INFO     ___FILE_ONLY___ Pub/Sub
2020-05-06 23:56:47,868 INFO     ___FILE_ONLY___  
2020-05-06 23:56:47,869 INFO     ___FILE_ONLY___ topics,
2020-05-06 23:56:47,869 INFO     ___FILE_ONLY___  
2020-05-06 23:56:47,869 INFO     ___FILE_ONLY___ corresponding
2020-05-06 23:56:47,869 INFO     ___FILE_ONLY___ 

2020-05-06 23:56:47,869 INFO     ___FILE_ONLY___           
2020-05-06 23:56:47,869 INFO     ___FILE_ONLY___ API
2020-05-06 23:56:47,869 INFO     ___FILE_ONLY___  
2020-05-06 23:56:47,870 INFO     ___FILE_ONLY___ is
2020-05-06 23:56:47,870 INFO     ___FILE_ONLY___  
2020-05-06 23:56:47,870 INFO     ___FILE_ONLY___ changed
2020-05-06 23:56:47,870 INFO     ___FILE_ONLY___  
2020-05-06 23:56:47,870 INFO     ___FILE_ONLY___ to
2020-05-06 23:56:47,870 INFO     ___FILE_ONLY___  
2020-05-06 23:56:47,870 INFO     ___FILE_ONLY___ accomplish
2020-05-06 23:56:47,870 INFO     ___FILE_ONLY___  
2020-05-06 23:56:47,870 INFO     ___FILE_ONLY___ that.
2020-05-06 23:56:47,870 INFO     ___FILE_ONLY___ 

2020-05-06 23:56:47,871 INFO     ___FILE_ONLY___ 

2020-05-06 23:56:47,871 INFO     ___FILE_ONLY___ [m
2020-05-06 23:56:47,871 INFO     ___FILE_ONLY___   
2020-05-06 23:56:47,871 INFO     ___FILE_ONLY___ [1mCloud IAM[m

2020-05-06 23:56:47,871 INFO     ___FILE_ONLY___       o
2020-05-06 23:56:47,871 INFO     ___FILE_ONLY___  
2020-05-06 23:56:47,871 INFO     ___FILE_ONLY___ Promoted
2020-05-06 23:56:47,871 INFO     ___FILE_ONLY___  
2020-05-06 23:56:47,871 INFO     ___FILE_ONLY___ [1m--condition[m
2020-05-06 23:56:47,872 INFO     ___FILE_ONLY___  
2020-05-06 23:56:47,872 INFO     ___FILE_ONLY___ flag
2020-05-06 23:56:47,872 INFO     ___FILE_ONLY___  
2020-05-06 23:56:47,872 INFO     ___FILE_ONLY___ to
2020-05-06 23:56:47,872 INFO     ___FILE_ONLY___  
2020-05-06 23:56:47,872 INFO     ___FILE_ONLY___ GA
2020-05-06 23:56:47,872 INFO     ___FILE_ONLY___  
2020-05-06 23:56:47,872 INFO     ___FILE_ONLY___ for
2020-05-06 23:56:47,872 INFO     ___FILE_ONLY___  
2020-05-06 23:56:47,872 INFO     ___FILE_ONLY___ [1mgcloud
2020-05-06 23:56:47,872 INFO     ___FILE_ONLY___  
2020-05-06 23:56:47,873 INFO     ___FILE_ONLY___ iam
2020-05-06 23:56:47,873 INFO     ___FILE_ONLY___  
2020-05-06 23:56:47,873 INFO     ___FILE_ONLY___ service-account
2020-05-06 23:56:47,873 INFO     ___FILE_ONLY___ 

2020-05-06 23:56:47,873 INFO     ___FILE_ONLY___         
2020-05-06 23:56:47,873 INFO     ___FILE_ONLY___ <add|remove>-iam-policy-binding[m.
2020-05-06 23:56:47,873 INFO     ___FILE_ONLY___ 

2020-05-06 23:56:47,873 INFO     ___FILE_ONLY___ 

2020-05-06 23:56:47,873 INFO     ___FILE_ONLY___ [m
2020-05-06 23:56:47,873 INFO     ___FILE_ONLY___   
2020-05-06 23:56:47,874 INFO     ___FILE_ONLY___ [1mCloud Resource Manager[m

2020-05-06 23:56:47,874 INFO     ___FILE_ONLY___       o
2020-05-06 23:56:47,874 INFO     ___FILE_ONLY___  
2020-05-06 23:56:47,874 INFO     ___FILE_ONLY___ Promoted
2020-05-06 23:56:47,874 INFO     ___FILE_ONLY___  
2020-05-06 23:56:47,874 INFO     ___FILE_ONLY___ [1m--condition[m
2020-05-06 23:56:47,874 INFO     ___FILE_ONLY___  
2020-05-06 23:56:47,874 INFO     ___FILE_ONLY___ flag
2020-05-06 23:56:47,874 INFO     ___FILE_ONLY___  
2020-05-06 23:56:47,874 INFO     ___FILE_ONLY___ to
2020-05-06 23:56:47,875 INFO     ___FILE_ONLY___  
2020-05-06 23:56:47,875 INFO     ___FILE_ONLY___ GA
2020-05-06 23:56:47,875 INFO     ___FILE_ONLY___  
2020-05-06 23:56:47,875 INFO     ___FILE_ONLY___ for
2020-05-06 23:56:47,875 INFO     ___FILE_ONLY___  
2020-05-06 23:56:47,875 INFO     ___FILE_ONLY___ the
2020-05-06 23:56:47,875 INFO     ___FILE_ONLY___  
2020-05-06 23:56:47,875 INFO     ___FILE_ONLY___ following
2020-05-06 23:56:47,875 INFO     ___FILE_ONLY___  
2020-05-06 23:56:47,875 INFO     ___FILE_ONLY___ commands:
2020-05-06 23:56:47,875 INFO     ___FILE_ONLY___ 

2020-05-06 23:56:47,876 INFO     ___FILE_ONLY___         *
2020-05-06 23:56:47,876 INFO     ___FILE_ONLY___  
2020-05-06 23:56:47,876 INFO     ___FILE_ONLY___ [1mgcloud
2020-05-06 23:56:47,876 INFO     ___FILE_ONLY___  
2020-05-06 23:56:47,876 INFO     ___FILE_ONLY___ projects
2020-05-06 23:56:47,876 INFO     ___FILE_ONLY___  
2020-05-06 23:56:47,876 INFO     ___FILE_ONLY___ <add|remove>-iam-policy-binding[m
2020-05-06 23:56:47,877 INFO     ___FILE_ONLY___ 

2020-05-06 23:56:47,877 INFO     ___FILE_ONLY___         *
2020-05-06 23:56:47,877 INFO     ___FILE_ONLY___  
2020-05-06 23:56:47,877 INFO     ___FILE_ONLY___ [1mgcloud
2020-05-06 23:56:47,877 INFO     ___FILE_ONLY___  
2020-05-06 23:56:47,878 INFO     ___FILE_ONLY___ organizations
2020-05-06 23:56:47,878 INFO     ___FILE_ONLY___  
2020-05-06 23:56:47,878 INFO     ___FILE_ONLY___ <add|remove>-iam-policy-binding[m
2020-05-06 23:56:47,878 INFO     ___FILE_ONLY___ 

2020-05-06 23:56:47,878 INFO     ___FILE_ONLY___         *
2020-05-06 23:56:47,878 INFO     ___FILE_ONLY___  
2020-05-06 23:56:47,879 INFO     ___FILE_ONLY___ [1mgcloud
2020-05-06 23:56:47,879 INFO     ___FILE_ONLY___  
2020-05-06 23:56:47,879 INFO     ___FILE_ONLY___ resources-manager
2020-05-06 23:56:47,879 INFO     ___FILE_ONLY___  
2020-05-06 23:56:47,879 INFO     ___FILE_ONLY___ folders
2020-05-06 23:56:47,879 INFO     ___FILE_ONLY___  
2020-05-06 23:56:47,879 INFO     ___FILE_ONLY___ <add|remove>-iam-policy-binding[m
2020-05-06 23:56:47,880 INFO     ___FILE_ONLY___ 

2020-05-06 23:56:47,880 INFO     ___FILE_ONLY___ 

2020-05-06 23:56:47,880 INFO     ___FILE_ONLY___ [m
2020-05-06 23:56:47,880 INFO     ___FILE_ONLY___   
2020-05-06 23:56:47,880 INFO     ___FILE_ONLY___ [1mCloud Run[m

2020-05-06 23:56:47,880 INFO     ___FILE_ONLY___       o
2020-05-06 23:56:47,881 INFO     ___FILE_ONLY___  
2020-05-06 23:56:47,881 INFO     ___FILE_ONLY___ Promoted
2020-05-06 23:56:47,881 INFO     ___FILE_ONLY___  
2020-05-06 23:56:47,881 INFO     ___FILE_ONLY___ [1m--min-instances[m,
2020-05-06 23:56:47,881 INFO     ___FILE_ONLY___  
2020-05-06 23:56:47,881 INFO     ___FILE_ONLY___ [1m--no-traffic[m,
2020-05-06 23:56:47,881 INFO     ___FILE_ONLY___  
2020-05-06 23:56:47,881 INFO     ___FILE_ONLY___ [1m--use-http2[m,
2020-05-06 23:56:47,882 INFO     ___FILE_ONLY___ 

2020-05-06 23:56:47,882 INFO     ___FILE_ONLY___         
2020-05-06 23:56:47,882 INFO     ___FILE_ONLY___ [1m--clear-config-maps[m,
2020-05-06 23:56:47,882 INFO     ___FILE_ONLY___  
2020-05-06 23:56:47,882 INFO     ___FILE_ONLY___ [1m--set-config-maps[m,
2020-05-06 23:56:47,882 INFO     ___FILE_ONLY___  
2020-05-06 23:56:47,883 INFO     ___FILE_ONLY___ [1m--remove-config-map[m,
2020-05-06 23:56:47,883 INFO     ___FILE_ONLY___ 

2020-05-06 23:56:47,883 INFO     ___FILE_ONLY___         
2020-05-06 23:56:47,883 INFO     ___FILE_ONLY___ [1m--update-config-map[m,
2020-05-06 23:56:47,883 INFO     ___FILE_ONLY___  
2020-05-06 23:56:47,883 INFO     ___FILE_ONLY___ [1m--clear-secrets[m,
2020-05-06 23:56:47,883 INFO     ___FILE_ONLY___  
2020-05-06 23:56:47,883 INFO     ___FILE_ONLY___ [1m--set-secrets[m,
2020-05-06 23:56:47,883 INFO     ___FILE_ONLY___  
2020-05-06 23:56:47,884 INFO     ___FILE_ONLY___ [1m--remove-secrets[m,
2020-05-06 23:56:47,884 INFO     ___FILE_ONLY___ 

2020-05-06 23:56:47,884 INFO     ___FILE_ONLY___         
2020-05-06 23:56:47,884 INFO     ___FILE_ONLY___ [1m--update-secrets[m
2020-05-06 23:56:47,884 INFO     ___FILE_ONLY___  
2020-05-06 23:56:47,884 INFO     ___FILE_ONLY___ flags
2020-05-06 23:56:47,884 INFO     ___FILE_ONLY___  
2020-05-06 23:56:47,884 INFO     ___FILE_ONLY___ of
2020-05-06 23:56:47,885 INFO     ___FILE_ONLY___  
2020-05-06 23:56:47,885 INFO     ___FILE_ONLY___ [1mgcloud
2020-05-06 23:56:47,885 INFO     ___FILE_ONLY___  
2020-05-06 23:56:47,885 INFO     ___FILE_ONLY___ run
2020-05-06 23:56:47,885 INFO     ___FILE_ONLY___  
2020-05-06 23:56:47,885 INFO     ___FILE_ONLY___ services
2020-05-06 23:56:47,885 INFO     ___FILE_ONLY___  
2020-05-06 23:56:47,885 INFO     ___FILE_ONLY___ update[m
2020-05-06 23:56:47,885 INFO     ___FILE_ONLY___  
2020-05-06 23:56:47,885 INFO     ___FILE_ONLY___ to
2020-05-06 23:56:47,886 INFO     ___FILE_ONLY___  
2020-05-06 23:56:47,886 INFO     ___FILE_ONLY___ beta.
2020-05-06 23:56:47,886 INFO     ___FILE_ONLY___ 

2020-05-06 23:56:47,886 INFO     ___FILE_ONLY___       o
2020-05-06 23:56:47,886 INFO     ___FILE_ONLY___  
2020-05-06 23:56:47,886 INFO     ___FILE_ONLY___ Changed
2020-05-06 23:56:47,886 INFO     ___FILE_ONLY___  
2020-05-06 23:56:47,886 INFO     ___FILE_ONLY___ default
2020-05-06 23:56:47,886 INFO     ___FILE_ONLY___  
2020-05-06 23:56:47,887 INFO     ___FILE_ONLY___ output
2020-05-06 23:56:47,887 INFO     ___FILE_ONLY___  
2020-05-06 23:56:47,887 INFO     ___FILE_ONLY___ format
2020-05-06 23:56:47,887 INFO     ___FILE_ONLY___  
2020-05-06 23:56:47,887 INFO     ___FILE_ONLY___ of
2020-05-06 23:56:47,887 INFO     ___FILE_ONLY___  
2020-05-06 23:56:47,887 INFO     ___FILE_ONLY___ [1mgcloud
2020-05-06 23:56:47,887 INFO     ___FILE_ONLY___  
2020-05-06 23:56:47,887 INFO     ___FILE_ONLY___ run
2020-05-06 23:56:47,887 INFO     ___FILE_ONLY___  
2020-05-06 23:56:47,887 INFO     ___FILE_ONLY___ revisions
2020-05-06 23:56:47,888 INFO     ___FILE_ONLY___  
2020-05-06 23:56:47,888 INFO     ___FILE_ONLY___ describe[m
2020-05-06 23:56:47,888 INFO     ___FILE_ONLY___  
2020-05-06 23:56:47,888 INFO     ___FILE_ONLY___ to
2020-05-06 23:56:47,888 INFO     ___FILE_ONLY___  
2020-05-06 23:56:47,888 INFO     ___FILE_ONLY___ be
2020-05-06 23:56:47,888 INFO     ___FILE_ONLY___ 

2020-05-06 23:56:47,888 INFO     ___FILE_ONLY___         
2020-05-06 23:56:47,888 INFO     ___FILE_ONLY___ more
2020-05-06 23:56:47,888 INFO     ___FILE_ONLY___  
2020-05-06 23:56:47,888 INFO     ___FILE_ONLY___ human-readable.
2020-05-06 23:56:47,889 INFO     ___FILE_ONLY___  
2020-05-06 23:56:47,889 INFO     ___FILE_ONLY___ For
2020-05-06 23:56:47,889 INFO     ___FILE_ONLY___  
2020-05-06 23:56:47,889 INFO     ___FILE_ONLY___ yaml
2020-05-06 23:56:47,889 INFO     ___FILE_ONLY___  
2020-05-06 23:56:47,889 INFO     ___FILE_ONLY___ output,
2020-05-06 23:56:47,889 INFO     ___FILE_ONLY___  
2020-05-06 23:56:47,889 INFO     ___FILE_ONLY___ use
2020-05-06 23:56:47,889 INFO     ___FILE_ONLY___  
2020-05-06 23:56:47,889 INFO     ___FILE_ONLY___ [1m--format=yaml[m.
2020-05-06 23:56:47,890 INFO     ___FILE_ONLY___ 

2020-05-06 23:56:47,890 INFO     ___FILE_ONLY___ 

2020-05-06 23:56:47,890 INFO     ___FILE_ONLY___ [m
2020-05-06 23:56:47,890 INFO     ___FILE_ONLY___   
2020-05-06 23:56:47,890 INFO     ___FILE_ONLY___ [1mCloud Services[m

2020-05-06 23:56:47,890 INFO     ___FILE_ONLY___       o
2020-05-06 23:56:47,890 INFO     ___FILE_ONLY___  
2020-05-06 23:56:47,890 INFO     ___FILE_ONLY___ Promoted
2020-05-06 23:56:47,890 INFO     ___FILE_ONLY___  
2020-05-06 23:56:47,891 INFO     ___FILE_ONLY___ [1mgcloud
2020-05-06 23:56:47,891 INFO     ___FILE_ONLY___  
2020-05-06 23:56:47,891 INFO     ___FILE_ONLY___ services
2020-05-06 23:56:47,891 INFO     ___FILE_ONLY___  
2020-05-06 23:56:47,891 INFO     ___FILE_ONLY___ vpc-peerings
2020-05-06 23:56:47,891 INFO     ___FILE_ONLY___  
2020-05-06 23:56:47,891 INFO     ___FILE_ONLY___ enable-vpc-service-controls[m
2020-05-06 23:56:47,891 INFO     ___FILE_ONLY___  
2020-05-06 23:56:47,891 INFO     ___FILE_ONLY___ to
2020-05-06 23:56:47,891 INFO     ___FILE_ONLY___ 

2020-05-06 23:56:47,892 INFO     ___FILE_ONLY___         
2020-05-06 23:56:47,892 INFO     ___FILE_ONLY___ beta.
2020-05-06 23:56:47,892 INFO     ___FILE_ONLY___ 

2020-05-06 23:56:47,892 INFO     ___FILE_ONLY___       o
2020-05-06 23:56:47,892 INFO     ___FILE_ONLY___  
2020-05-06 23:56:47,892 INFO     ___FILE_ONLY___ Promoted
2020-05-06 23:56:47,892 INFO     ___FILE_ONLY___  
2020-05-06 23:56:47,892 INFO     ___FILE_ONLY___ [1mgcloud
2020-05-06 23:56:47,892 INFO     ___FILE_ONLY___  
2020-05-06 23:56:47,892 INFO     ___FILE_ONLY___ services
2020-05-06 23:56:47,893 INFO     ___FILE_ONLY___  
2020-05-06 23:56:47,893 INFO     ___FILE_ONLY___ vpc-peerings
2020-05-06 23:56:47,893 INFO     ___FILE_ONLY___  
2020-05-06 23:56:47,893 INFO     ___FILE_ONLY___ disable-vpc-service-controls[m
2020-05-06 23:56:47,893 INFO     ___FILE_ONLY___  
2020-05-06 23:56:47,893 INFO     ___FILE_ONLY___ to
2020-05-06 23:56:47,893 INFO     ___FILE_ONLY___ 

2020-05-06 23:56:47,893 INFO     ___FILE_ONLY___         
2020-05-06 23:56:47,893 INFO     ___FILE_ONLY___ beta.
2020-05-06 23:56:47,893 INFO     ___FILE_ONLY___ 

2020-05-06 23:56:47,894 INFO     ___FILE_ONLY___ 

2020-05-06 23:56:47,894 INFO     ___FILE_ONLY___ [m
2020-05-06 23:56:47,894 INFO     ___FILE_ONLY___   
2020-05-06 23:56:47,894 INFO     ___FILE_ONLY___ [1mCloud Storage[m

2020-05-06 23:56:47,894 INFO     ___FILE_ONLY___    
2020-05-06 23:56:47,894 INFO     ___FILE_ONLY___  
2020-05-06 23:56:47,894 INFO     ___FILE_ONLY___ *
2020-05-06 23:56:47,894 INFO     ___FILE_ONLY___ 

2020-05-06 23:56:47,895 INFO     ___FILE_ONLY___       o
2020-05-06 23:56:47,895 INFO     ___FILE_ONLY___  
2020-05-06 23:56:47,895 INFO     ___FILE_ONLY___ Updated
2020-05-06 23:56:47,895 INFO     ___FILE_ONLY___  
2020-05-06 23:56:47,895 INFO     ___FILE_ONLY___ gsutil
2020-05-06 23:56:47,895 INFO     ___FILE_ONLY___  
2020-05-06 23:56:47,895 INFO     ___FILE_ONLY___ component
2020-05-06 23:56:47,895 INFO     ___FILE_ONLY___  
2020-05-06 23:56:47,895 INFO     ___FILE_ONLY___ to
2020-05-06 23:56:47,896 INFO     ___FILE_ONLY___  
2020-05-06 23:56:47,896 INFO     ___FILE_ONLY___ 4.50.
2020-05-06 23:56:47,896 INFO     ___FILE_ONLY___ 

2020-05-06 23:56:47,896 INFO     ___FILE_ONLY___ 

2020-05-06 23:56:47,896 INFO     ___FILE_ONLY___ [m
2020-05-06 23:56:47,896 INFO     ___FILE_ONLY___   
2020-05-06 23:56:47,896 INFO     ___FILE_ONLY___ [1mCompute Engine[m

2020-05-06 23:56:47,897 INFO     ___FILE_ONLY___       o
2020-05-06 23:56:47,897 INFO     ___FILE_ONLY___  
2020-05-06 23:56:47,897 INFO     ___FILE_ONLY___ Promoted
2020-05-06 23:56:47,897 INFO     ___FILE_ONLY___  
2020-05-06 23:56:47,897 INFO     ___FILE_ONLY___ [1m--export-subnet-routes-with-public-ip[m
2020-05-06 23:56:47,897 INFO     ___FILE_ONLY___  
2020-05-06 23:56:47,897 INFO     ___FILE_ONLY___ and
2020-05-06 23:56:47,897 INFO     ___FILE_ONLY___ 

2020-05-06 23:56:47,898 INFO     ___FILE_ONLY___    
2020-05-06 23:56:47,898 INFO     ___FILE_ONLY___  
2020-05-06 23:56:47,898 INFO     ___FILE_ONLY___ [1m--import-subnet-routes-with-public-ip[m
2020-05-06 23:56:47,898 INFO     ___FILE_ONLY___  
2020-05-06 23:56:47,898 INFO     ___FILE_ONLY___ flags
2020-05-06 23:56:47,898 INFO     ___FILE_ONLY___  
2020-05-06 23:56:47,898 INFO     ___FILE_ONLY___ of
2020-05-06 23:56:47,898 INFO     ___FILE_ONLY___  
2020-05-06 23:56:47,898 INFO     ___FILE_ONLY___ [1mgcloud
2020-05-06 23:56:47,898 INFO     ___FILE_ONLY___  
2020-05-06 23:56:47,899 INFO     ___FILE_ONLY___ compute
2020-05-06 23:56:47,899 INFO     ___FILE_ONLY___  
2020-05-06 23:56:47,899 INFO     ___FILE_ONLY___ networks
2020-05-06 23:56:47,899 INFO     ___FILE_ONLY___ 

2020-05-06 23:56:47,899 INFO     ___FILE_ONLY___     
2020-05-06 23:56:47,899 INFO     ___FILE_ONLY___ peerings
2020-05-06 23:56:47,899 INFO     ___FILE_ONLY___  
2020-05-06 23:56:47,899 INFO     ___FILE_ONLY___ create[m
2020-05-06 23:56:47,899 INFO     ___FILE_ONLY___  
2020-05-06 23:56:47,900 INFO     ___FILE_ONLY___ and
2020-05-06 23:56:47,900 INFO     ___FILE_ONLY___  
2020-05-06 23:56:47,900 INFO     ___FILE_ONLY___ [1mgcloud
2020-05-06 23:56:47,900 INFO     ___FILE_ONLY___  
2020-05-06 23:56:47,900 INFO     ___FILE_ONLY___ compute
2020-05-06 23:56:47,900 INFO     ___FILE_ONLY___  
2020-05-06 23:56:47,900 INFO     ___FILE_ONLY___ networks
2020-05-06 23:56:47,900 INFO     ___FILE_ONLY___  
2020-05-06 23:56:47,900 INFO     ___FILE_ONLY___ peerings
2020-05-06 23:56:47,900 INFO     ___FILE_ONLY___  
2020-05-06 23:56:47,901 INFO     ___FILE_ONLY___ update[m
2020-05-06 23:56:47,901 INFO     ___FILE_ONLY___  
2020-05-06 23:56:47,901 INFO     ___FILE_ONLY___ to
2020-05-06 23:56:47,901 INFO     ___FILE_ONLY___  
2020-05-06 23:56:47,901 INFO     ___FILE_ONLY___ beta
2020-05-06 23:56:47,901 INFO     ___FILE_ONLY___  
2020-05-06 23:56:47,901 INFO     ___FILE_ONLY___ and
2020-05-06 23:56:47,901 INFO     ___FILE_ONLY___  
2020-05-06 23:56:47,901 INFO     ___FILE_ONLY___ GA.
2020-05-06 23:56:47,902 INFO     ___FILE_ONLY___ 

2020-05-06 23:56:47,902 INFO     ___FILE_ONLY___       o
2020-05-06 23:56:47,902 INFO     ___FILE_ONLY___  
2020-05-06 23:56:47,902 INFO     ___FILE_ONLY___ Promoted
2020-05-06 23:56:47,902 INFO     ___FILE_ONLY___  
2020-05-06 23:56:47,902 INFO     ___FILE_ONLY___ [1m--domains[m
2020-05-06 23:56:47,902 INFO     ___FILE_ONLY___  
2020-05-06 23:56:47,903 INFO     ___FILE_ONLY___ flag
2020-05-06 23:56:47,903 INFO     ___FILE_ONLY___  
2020-05-06 23:56:47,903 INFO     ___FILE_ONLY___ of
2020-05-06 23:56:47,903 INFO     ___FILE_ONLY___  
2020-05-06 23:56:47,903 INFO     ___FILE_ONLY___ [1mgcloud
2020-05-06 23:56:47,903 INFO     ___FILE_ONLY___  
2020-05-06 23:56:47,904 INFO     ___FILE_ONLY___ compute
2020-05-06 23:56:47,904 INFO     ___FILE_ONLY___  
2020-05-06 23:56:47,904 INFO     ___FILE_ONLY___ ssl-certificates
2020-05-06 23:56:47,904 INFO     ___FILE_ONLY___  
2020-05-06 23:56:47,904 INFO     ___FILE_ONLY___ create[m
2020-05-06 23:56:47,904 INFO     ___FILE_ONLY___  
2020-05-06 23:56:47,904 INFO     ___FILE_ONLY___ to
2020-05-06 23:56:47,904 INFO     ___FILE_ONLY___ 

2020-05-06 23:56:47,905 INFO     ___FILE_ONLY___         
2020-05-06 23:56:47,905 INFO     ___FILE_ONLY___ GA.
2020-05-06 23:56:47,905 INFO     ___FILE_ONLY___ 

2020-05-06 23:56:47,905 INFO     ___FILE_ONLY___       o
2020-05-06 23:56:47,905 INFO     ___FILE_ONLY___  
2020-05-06 23:56:47,905 INFO     ___FILE_ONLY___ Promoted
2020-05-06 23:56:47,905 INFO     ___FILE_ONLY___  
2020-05-06 23:56:47,905 INFO     ___FILE_ONLY___ [1msuspend[m
2020-05-06 23:56:47,905 INFO     ___FILE_ONLY___  
2020-05-06 23:56:47,906 INFO     ___FILE_ONLY___ and
2020-05-06 23:56:47,906 INFO     ___FILE_ONLY___  
2020-05-06 23:56:47,906 INFO     ___FILE_ONLY___ [1mresume[m
2020-05-06 23:56:47,906 INFO     ___FILE_ONLY___  
2020-05-06 23:56:47,906 INFO     ___FILE_ONLY___ commands
2020-05-06 23:56:47,906 INFO     ___FILE_ONLY___  
2020-05-06 23:56:47,906 INFO     ___FILE_ONLY___ of
2020-05-06 23:56:47,906 INFO     ___FILE_ONLY___  
2020-05-06 23:56:47,906 INFO     ___FILE_ONLY___ [1mgcloud
2020-05-06 23:56:47,906 INFO     ___FILE_ONLY___  
2020-05-06 23:56:47,907 INFO     ___FILE_ONLY___ compute
2020-05-06 23:56:47,907 INFO     ___FILE_ONLY___  
2020-05-06 23:56:47,907 INFO     ___FILE_ONLY___ instances[m
2020-05-06 23:56:47,907 INFO     ___FILE_ONLY___ 

2020-05-06 23:56:47,907 INFO     ___FILE_ONLY___         
2020-05-06 23:56:47,907 INFO     ___FILE_ONLY___ command
2020-05-06 23:56:47,908 INFO     ___FILE_ONLY___  
2020-05-06 23:56:47,908 INFO     ___FILE_ONLY___ group
2020-05-06 23:56:47,908 INFO     ___FILE_ONLY___  
2020-05-06 23:56:47,908 INFO     ___FILE_ONLY___ to
2020-05-06 23:56:47,908 INFO     ___FILE_ONLY___  
2020-05-06 23:56:47,908 INFO     ___FILE_ONLY___ beta.
2020-05-06 23:56:47,908 INFO     ___FILE_ONLY___ 

2020-05-06 23:56:47,908 INFO     ___FILE_ONLY___ 

2020-05-06 23:56:47,909 INFO     ___FILE_ONLY___ [m
2020-05-06 23:56:47,909 INFO     ___FILE_ONLY___   
2020-05-06 23:56:47,909 INFO     ___FILE_ONLY___ [1mFirebase Test Lab[m

2020-05-06 23:56:47,909 INFO     ___FILE_ONLY___       o
2020-05-06 23:56:47,909 INFO     ___FILE_ONLY___  
2020-05-06 23:56:47,909 INFO     ___FILE_ONLY___ Added
2020-05-06 23:56:47,910 INFO     ___FILE_ONLY___  
2020-05-06 23:56:47,910 INFO     ___FILE_ONLY___ [1m--testing-special-entitlements[m
2020-05-06 23:56:47,910 INFO     ___FILE_ONLY___  
2020-05-06 23:56:47,910 INFO     ___FILE_ONLY___ flag
2020-05-06 23:56:47,910 INFO     ___FILE_ONLY___  
2020-05-06 23:56:47,910 INFO     ___FILE_ONLY___ to
2020-05-06 23:56:47,910 INFO     ___FILE_ONLY___  
2020-05-06 23:56:47,910 INFO     ___FILE_ONLY___ `gcloud
2020-05-06 23:56:47,910 INFO     ___FILE_ONLY___  
2020-05-06 23:56:47,911 INFO     ___FILE_ONLY___ beta
2020-05-06 23:56:47,911 INFO     ___FILE_ONLY___  
2020-05-06 23:56:47,911 INFO     ___FILE_ONLY___ firebase
2020-05-06 23:56:47,911 INFO     ___FILE_ONLY___ 

2020-05-06 23:56:47,911 INFO     ___FILE_ONLY___         
2020-05-06 23:56:47,911 INFO     ___FILE_ONLY___ test
2020-05-06 23:56:47,911 INFO     ___FILE_ONLY___  
2020-05-06 23:56:47,912 INFO     ___FILE_ONLY___ ios
2020-05-06 23:56:47,912 INFO     ___FILE_ONLY___  
2020-05-06 23:56:47,912 INFO     ___FILE_ONLY___ run`.
2020-05-06 23:56:47,912 INFO     ___FILE_ONLY___  
2020-05-06 23:56:47,912 INFO     ___FILE_ONLY___ This
2020-05-06 23:56:47,912 INFO     ___FILE_ONLY___  
2020-05-06 23:56:47,912 INFO     ___FILE_ONLY___ flag
2020-05-06 23:56:47,913 INFO     ___FILE_ONLY___  
2020-05-06 23:56:47,913 INFO     ___FILE_ONLY___ allows
2020-05-06 23:56:47,913 INFO     ___FILE_ONLY___  
2020-05-06 23:56:47,913 INFO     ___FILE_ONLY___ you
2020-05-06 23:56:47,913 INFO     ___FILE_ONLY___  
2020-05-06 23:56:47,913 INFO     ___FILE_ONLY___ to
2020-05-06 23:56:47,913 INFO     ___FILE_ONLY___  
2020-05-06 23:56:47,913 INFO     ___FILE_ONLY___ test
2020-05-06 23:56:47,913 INFO     ___FILE_ONLY___  
2020-05-06 23:56:47,914 INFO     ___FILE_ONLY___ iOS
2020-05-06 23:56:47,914 INFO     ___FILE_ONLY___  
2020-05-06 23:56:47,914 INFO     ___FILE_ONLY___ app
2020-05-06 23:56:47,914 INFO     ___FILE_ONLY___  
2020-05-06 23:56:47,914 INFO     ___FILE_ONLY___ entitlements
2020-05-06 23:56:47,914 INFO     ___FILE_ONLY___  
2020-05-06 23:56:47,914 INFO     ___FILE_ONLY___ by
2020-05-06 23:56:47,914 INFO     ___FILE_ONLY___ 

2020-05-06 23:56:47,914 INFO     ___FILE_ONLY___         
2020-05-06 23:56:47,914 INFO     ___FILE_ONLY___ re-signing
2020-05-06 23:56:47,915 INFO     ___FILE_ONLY___  
2020-05-06 23:56:47,915 INFO     ___FILE_ONLY___ the
2020-05-06 23:56:47,915 INFO     ___FILE_ONLY___  
2020-05-06 23:56:47,915 INFO     ___FILE_ONLY___ app
2020-05-06 23:56:47,915 INFO     ___FILE_ONLY___  
2020-05-06 23:56:47,915 INFO     ___FILE_ONLY___ with
2020-05-06 23:56:47,915 INFO     ___FILE_ONLY___  
2020-05-06 23:56:47,915 INFO     ___FILE_ONLY___ a
2020-05-06 23:56:47,915 INFO     ___FILE_ONLY___  
2020-05-06 23:56:47,916 INFO     ___FILE_ONLY___ new
2020-05-06 23:56:47,916 INFO     ___FILE_ONLY___  
2020-05-06 23:56:47,916 INFO     ___FILE_ONLY___ and
2020-05-06 23:56:47,916 INFO     ___FILE_ONLY___  
2020-05-06 23:56:47,916 INFO     ___FILE_ONLY___ explicit
2020-05-06 23:56:47,916 INFO     ___FILE_ONLY___  
2020-05-06 23:56:47,916 INFO     ___FILE_ONLY___ application-identifier.
2020-05-06 23:56:47,917 INFO     ___FILE_ONLY___ 

2020-05-06 23:56:47,917 INFO     ___FILE_ONLY___ 

2020-05-06 23:56:47,917 INFO     ___FILE_ONLY___ [m
2020-05-06 23:56:47,917 INFO     ___FILE_ONLY___   
2020-05-06 23:56:47,917 INFO     ___FILE_ONLY___ [1mKpt[m

2020-05-06 23:56:47,917 INFO     ___FILE_ONLY___       o
2020-05-06 23:56:47,917 INFO     ___FILE_ONLY___  
2020-05-06 23:56:47,917 INFO     ___FILE_ONLY___ Updated
2020-05-06 23:56:47,918 INFO     ___FILE_ONLY___  
2020-05-06 23:56:47,918 INFO     ___FILE_ONLY___ kpt
2020-05-06 23:56:47,918 INFO     ___FILE_ONLY___  
2020-05-06 23:56:47,918 INFO     ___FILE_ONLY___ from
2020-05-06 23:56:47,918 INFO     ___FILE_ONLY___  
2020-05-06 23:56:47,918 INFO     ___FILE_ONLY___ v0.17.0
2020-05-06 23:56:47,918 INFO     ___FILE_ONLY___  
2020-05-06 23:56:47,918 INFO     ___FILE_ONLY___ to
2020-05-06 23:56:47,918 INFO     ___FILE_ONLY___  
2020-05-06 23:56:47,918 INFO     ___FILE_ONLY___ v0.24.0.
2020-05-06 23:56:47,918 INFO     ___FILE_ONLY___ 

2020-05-06 23:56:47,919 INFO     ___FILE_ONLY___       o
2020-05-06 23:56:47,919 INFO     ___FILE_ONLY___  
2020-05-06 23:56:47,919 INFO     ___FILE_ONLY___ Updated
2020-05-06 23:56:47,919 INFO     ___FILE_ONLY___  
2020-05-06 23:56:47,919 INFO     ___FILE_ONLY___ import
2020-05-06 23:56:47,919 INFO     ___FILE_ONLY___  
2020-05-06 23:56:47,919 INFO     ___FILE_ONLY___ of
2020-05-06 23:56:47,919 INFO     ___FILE_ONLY___  
2020-05-06 23:56:47,919 INFO     ___FILE_ONLY___ cli-utils
2020-05-06 23:56:47,919 INFO     ___FILE_ONLY___  
2020-05-06 23:56:47,919 INFO     ___FILE_ONLY___ from
2020-05-06 23:56:47,920 INFO     ___FILE_ONLY___  
2020-05-06 23:56:47,920 INFO     ___FILE_ONLY___ v0.6.0
2020-05-06 23:56:47,920 INFO     ___FILE_ONLY___  
2020-05-06 23:56:47,920 INFO     ___FILE_ONLY___ to
2020-05-06 23:56:47,920 INFO     ___FILE_ONLY___  
2020-05-06 23:56:47,920 INFO     ___FILE_ONLY___ v0.8.0.
2020-05-06 23:56:47,920 INFO     ___FILE_ONLY___ 

2020-05-06 23:56:47,920 INFO     ___FILE_ONLY___       o
2020-05-06 23:56:47,920 INFO     ___FILE_ONLY___  
2020-05-06 23:56:47,920 INFO     ___FILE_ONLY___ Updated
2020-05-06 23:56:47,921 INFO     ___FILE_ONLY___  
2020-05-06 23:56:47,921 INFO     ___FILE_ONLY___ import
2020-05-06 23:56:47,921 INFO     ___FILE_ONLY___  
2020-05-06 23:56:47,921 INFO     ___FILE_ONLY___ of
2020-05-06 23:56:47,921 INFO     ___FILE_ONLY___  
2020-05-06 23:56:47,921 INFO     ___FILE_ONLY___ kyaml
2020-05-06 23:56:47,921 INFO     ___FILE_ONLY___  
2020-05-06 23:56:47,921 INFO     ___FILE_ONLY___ from
2020-05-06 23:56:47,921 INFO     ___FILE_ONLY___  
2020-05-06 23:56:47,921 INFO     ___FILE_ONLY___ v0.1.4
2020-05-06 23:56:47,921 INFO     ___FILE_ONLY___  
2020-05-06 23:56:47,922 INFO     ___FILE_ONLY___ to
2020-05-06 23:56:47,922 INFO     ___FILE_ONLY___  
2020-05-06 23:56:47,922 INFO     ___FILE_ONLY___ v0.1.8.
2020-05-06 23:56:47,922 INFO     ___FILE_ONLY___ 

2020-05-06 23:56:47,922 INFO     ___FILE_ONLY___       o
2020-05-06 23:56:47,922 INFO     ___FILE_ONLY___  
2020-05-06 23:56:47,922 INFO     ___FILE_ONLY___ Updated
2020-05-06 23:56:47,922 INFO     ___FILE_ONLY___  
2020-05-06 23:56:47,922 INFO     ___FILE_ONLY___ import
2020-05-06 23:56:47,922 INFO     ___FILE_ONLY___  
2020-05-06 23:56:47,922 INFO     ___FILE_ONLY___ of
2020-05-06 23:56:47,923 INFO     ___FILE_ONLY___  
2020-05-06 23:56:47,923 INFO     ___FILE_ONLY___ cmd/config
2020-05-06 23:56:47,923 INFO     ___FILE_ONLY___  
2020-05-06 23:56:47,923 INFO     ___FILE_ONLY___ from
2020-05-06 23:56:47,923 INFO     ___FILE_ONLY___  
2020-05-06 23:56:47,923 INFO     ___FILE_ONLY___ v0.1.4
2020-05-06 23:56:47,923 INFO     ___FILE_ONLY___  
2020-05-06 23:56:47,923 INFO     ___FILE_ONLY___ to
2020-05-06 23:56:47,923 INFO     ___FILE_ONLY___  
2020-05-06 23:56:47,923 INFO     ___FILE_ONLY___ v0.1.7.
2020-05-06 23:56:47,924 INFO     ___FILE_ONLY___ 

2020-05-06 23:56:47,924 INFO     ___FILE_ONLY___ 

2020-05-06 23:56:47,924 INFO     ___FILE_ONLY___ [m
2020-05-06 23:56:47,924 INFO     ___FILE_ONLY___   
2020-05-06 23:56:47,924 INFO     ___FILE_ONLY___ [1mKubernetes Engine[m

2020-05-06 23:56:47,924 INFO     ___FILE_ONLY___       o
2020-05-06 23:56:47,924 INFO     ___FILE_ONLY___  
2020-05-06 23:56:47,924 INFO     ___FILE_ONLY___ Updates
2020-05-06 23:56:47,925 INFO     ___FILE_ONLY___  
2020-05-06 23:56:47,925 INFO     ___FILE_ONLY___ kubectl
2020-05-06 23:56:47,925 INFO     ___FILE_ONLY___  
2020-05-06 23:56:47,925 INFO     ___FILE_ONLY___ to
2020-05-06 23:56:47,925 INFO     ___FILE_ONLY___  
2020-05-06 23:56:47,925 INFO     ___FILE_ONLY___ change
2020-05-06 23:56:47,925 INFO     ___FILE_ONLY___  
2020-05-06 23:56:47,925 INFO     ___FILE_ONLY___ default
2020-05-06 23:56:47,925 INFO     ___FILE_ONLY___  
2020-05-06 23:56:47,925 INFO     ___FILE_ONLY___ version
2020-05-06 23:56:47,925 INFO     ___FILE_ONLY___  
2020-05-06 23:56:47,926 INFO     ___FILE_ONLY___ of
2020-05-06 23:56:47,926 INFO     ___FILE_ONLY___  
2020-05-06 23:56:47,926 INFO     ___FILE_ONLY___ kubectl
2020-05-06 23:56:47,926 INFO     ___FILE_ONLY___  
2020-05-06 23:56:47,926 INFO     ___FILE_ONLY___ from
2020-05-06 23:56:47,926 INFO     ___FILE_ONLY___  
2020-05-06 23:56:47,926 INFO     ___FILE_ONLY___ 1.14
2020-05-06 23:56:47,926 INFO     ___FILE_ONLY___  
2020-05-06 23:56:47,926 INFO     ___FILE_ONLY___ to
2020-05-06 23:56:47,926 INFO     ___FILE_ONLY___ 

2020-05-06 23:56:47,927 INFO     ___FILE_ONLY___         
2020-05-06 23:56:47,927 INFO     ___FILE_ONLY___ 1.15.
2020-05-06 23:56:47,927 INFO     ___FILE_ONLY___ 

2020-05-06 23:56:47,927 INFO     ___FILE_ONLY___       o
2020-05-06 23:56:47,927 INFO     ___FILE_ONLY___  
2020-05-06 23:56:47,927 INFO     ___FILE_ONLY___ Additional
2020-05-06 23:56:47,927 INFO     ___FILE_ONLY___  
2020-05-06 23:56:47,927 INFO     ___FILE_ONLY___ kubectl
2020-05-06 23:56:47,928 INFO     ___FILE_ONLY___  
2020-05-06 23:56:47,928 INFO     ___FILE_ONLY___ versions:
2020-05-06 23:56:47,928 INFO     ___FILE_ONLY___ 

2020-05-06 23:56:47,928 INFO     ___FILE_ONLY___         *
2020-05-06 23:56:47,928 INFO     ___FILE_ONLY___  
2020-05-06 23:56:47,928 INFO     ___FILE_ONLY___ kubectl.1.14
2020-05-06 23:56:47,928 INFO     ___FILE_ONLY___  
2020-05-06 23:56:47,928 INFO     ___FILE_ONLY___ (1.14.10)
2020-05-06 23:56:47,928 INFO     ___FILE_ONLY___ 

2020-05-06 23:56:47,929 INFO     ___FILE_ONLY___         *
2020-05-06 23:56:47,929 INFO     ___FILE_ONLY___  
2020-05-06 23:56:47,929 INFO     ___FILE_ONLY___ kubectl.1.15
2020-05-06 23:56:47,929 INFO     ___FILE_ONLY___  
2020-05-06 23:56:47,929 INFO     ___FILE_ONLY___ (1.15.11)
2020-05-06 23:56:47,929 INFO     ___FILE_ONLY___ 

2020-05-06 23:56:47,929 INFO     ___FILE_ONLY___         *
2020-05-06 23:56:47,930 INFO     ___FILE_ONLY___  
2020-05-06 23:56:47,930 INFO     ___FILE_ONLY___ kubectl.1.16
2020-05-06 23:56:47,930 INFO     ___FILE_ONLY___  
2020-05-06 23:56:47,930 INFO     ___FILE_ONLY___ (1.16.9)
2020-05-06 23:56:47,930 INFO     ___FILE_ONLY___ 

2020-05-06 23:56:47,930 INFO     ___FILE_ONLY___         *
2020-05-06 23:56:47,930 INFO     ___FILE_ONLY___  
2020-05-06 23:56:47,930 INFO     ___FILE_ONLY___ kubectl.1.17
2020-05-06 23:56:47,930 INFO     ___FILE_ONLY___  
2020-05-06 23:56:47,931 INFO     ___FILE_ONLY___ (1.17.5)
2020-05-06 23:56:47,931 INFO     ___FILE_ONLY___ 

2020-05-06 23:56:47,931 INFO     ___FILE_ONLY___       o
2020-05-06 23:56:47,931 INFO     ___FILE_ONLY___  
2020-05-06 23:56:47,931 INFO     ___FILE_ONLY___ Promoted
2020-05-06 23:56:47,931 INFO     ___FILE_ONLY___  
2020-05-06 23:56:47,931 INFO     ___FILE_ONLY___ [1m--autoprovisioning-max-surge-upgrade[m,
2020-05-06 23:56:47,932 INFO     ___FILE_ONLY___ 

2020-05-06 23:56:47,932 INFO     ___FILE_ONLY___         
2020-05-06 23:56:47,932 INFO     ___FILE_ONLY___ [1m--autoprovisioning-max-unavailable-upgrade[m,
2020-05-06 23:56:47,932 INFO     ___FILE_ONLY___ 

2020-05-06 23:56:47,932 INFO     ___FILE_ONLY___         
2020-05-06 23:56:47,932 INFO     ___FILE_ONLY___ [1m--enable-autoprovisioning-autoupgrade[m,
2020-05-06 23:56:47,932 INFO     ___FILE_ONLY___ 

2020-05-06 23:56:47,933 INFO     ___FILE_ONLY___         
2020-05-06 23:56:47,933 INFO     ___FILE_ONLY___ [1m--enable-autoprovisioning-autorepair[m
2020-05-06 23:56:47,933 INFO     ___FILE_ONLY___  
2020-05-06 23:56:47,933 INFO     ___FILE_ONLY___ flags
2020-05-06 23:56:47,933 INFO     ___FILE_ONLY___  
2020-05-06 23:56:47,933 INFO     ___FILE_ONLY___ of
2020-05-06 23:56:47,933 INFO     ___FILE_ONLY___  
2020-05-06 23:56:47,933 INFO     ___FILE_ONLY___ [1mgcloud
2020-05-06 23:56:47,933 INFO     ___FILE_ONLY___  
2020-05-06 23:56:47,934 INFO     ___FILE_ONLY___ container
2020-05-06 23:56:47,934 INFO     ___FILE_ONLY___  
2020-05-06 23:56:47,934 INFO     ___FILE_ONLY___ clusters
2020-05-06 23:56:47,934 INFO     ___FILE_ONLY___ 

2020-05-06 23:56:47,934 INFO     ___FILE_ONLY___         
2020-05-06 23:56:47,934 INFO     ___FILE_ONLY___ create[m
2020-05-06 23:56:47,934 INFO     ___FILE_ONLY___  
2020-05-06 23:56:47,934 INFO     ___FILE_ONLY___ and
2020-05-06 23:56:47,934 INFO     ___FILE_ONLY___  
2020-05-06 23:56:47,934 INFO     ___FILE_ONLY___ [1mgcloud
2020-05-06 23:56:47,934 INFO     ___FILE_ONLY___  
2020-05-06 23:56:47,935 INFO     ___FILE_ONLY___ container
2020-05-06 23:56:47,935 INFO     ___FILE_ONLY___  
2020-05-06 23:56:47,935 INFO     ___FILE_ONLY___ clusters
2020-05-06 23:56:47,935 INFO     ___FILE_ONLY___  
2020-05-06 23:56:47,935 INFO     ___FILE_ONLY___ update[m
2020-05-06 23:56:47,935 INFO     ___FILE_ONLY___  
2020-05-06 23:56:47,935 INFO     ___FILE_ONLY___ to
2020-05-06 23:56:47,935 INFO     ___FILE_ONLY___  
2020-05-06 23:56:47,935 INFO     ___FILE_ONLY___ GA.
2020-05-06 23:56:47,935 INFO     ___FILE_ONLY___ 

2020-05-06 23:56:47,936 INFO     ___FILE_ONLY___ 

2020-05-06 23:56:47,936 INFO     ___FILE_ONLY___    
2020-05-06 23:56:47,936 INFO     ___FILE_ONLY___  
2020-05-06 23:56:47,936 INFO     ___FILE_ONLY___ Subscribe
2020-05-06 23:56:47,936 INFO     ___FILE_ONLY___  
2020-05-06 23:56:47,936 INFO     ___FILE_ONLY___ to
2020-05-06 23:56:47,936 INFO     ___FILE_ONLY___  
2020-05-06 23:56:47,936 INFO     ___FILE_ONLY___ these
2020-05-06 23:56:47,936 INFO     ___FILE_ONLY___  
2020-05-06 23:56:47,937 INFO     ___FILE_ONLY___ release
2020-05-06 23:56:47,937 INFO     ___FILE_ONLY___  
2020-05-06 23:56:47,937 INFO     ___FILE_ONLY___ notes
2020-05-06 23:56:47,937 INFO     ___FILE_ONLY___  
2020-05-06 23:56:47,937 INFO     ___FILE_ONLY___ at
2020-05-06 23:56:47,937 INFO     ___FILE_ONLY___ 

2020-05-06 23:56:47,937 INFO     ___FILE_ONLY___     
2020-05-06 23:56:47,937 INFO     ___FILE_ONLY___ https://groups.google.com/forum/#!forum/google-cloud-sdk-announce
2020-05-06 23:56:47,937 INFO     ___FILE_ONLY___ 

2020-05-06 23:56:47,938 INFO     ___FILE_ONLY___     
2020-05-06 23:56:47,938 INFO     ___FILE_ONLY___ (https://groups.google.com/forum/#!forum/google-cloud-sdk-announce).
2020-05-06 23:56:47,938 INFO     ___FILE_ONLY___ 

2020-05-06 23:56:47,938 INFO     ___FILE_ONLY___ [m
2020-05-06 23:56:47,938 INFO     ___FILE_ONLY___ 

2020-05-06 23:56:50,304 INFO     ___FILE_ONLY___ Creating update staging area

2020-05-06 23:56:50,304 INFO     ___FILE_ONLY___ 10%

2020-05-06 23:56:50,305 INFO     ___FILE_ONLY___ 20%

2020-05-06 23:56:50,305 INFO     ___FILE_ONLY___ 30%

2020-05-06 23:56:51,637 INFO     ___FILE_ONLY___ 35%

2020-05-06 23:56:52,275 INFO     ___FILE_ONLY___ 40%

2020-05-06 23:56:53,089 INFO     ___FILE_ONLY___ 45%

2020-05-06 23:56:53,896 INFO     ___FILE_ONLY___ 50%

2020-05-06 23:56:54,315 INFO     ___FILE_ONLY___ 55%

2020-05-06 23:56:54,881 INFO     ___FILE_ONLY___ 60%

2020-05-06 23:56:55,684 INFO     ___FILE_ONLY___ 65%

2020-05-06 23:56:56,222 INFO     ___FILE_ONLY___ 70%

2020-05-06 23:56:56,783 INFO     ___FILE_ONLY___ 75%

2020-05-06 23:56:57,288 INFO     ___FILE_ONLY___ 80%

2020-05-06 23:56:57,843 INFO     ___FILE_ONLY___ 85%

2020-05-06 23:56:58,482 INFO     ___FILE_ONLY___ 90%

2020-05-06 23:56:59,474 INFO     ___FILE_ONLY___ 95%

2020-05-06 23:57:01,022 INFO     ___FILE_ONLY___ 100%

2020-05-06 23:57:01,023 INFO     ___FILE_ONLY___ 100%

2020-05-06 23:57:01,031 INFO     ___FILE_ONLY___ 100%

2020-05-06 23:57:01,031 INFO     ___FILE_ONLY___ Uninstalling: BigQuery Command Line Tool

2020-05-06 23:57:01,034 INFO     ___FILE_ONLY___ 5%

2020-05-06 23:57:01,037 INFO     ___FILE_ONLY___ 11%

2020-05-06 23:57:01,039 INFO     ___FILE_ONLY___ 16%

2020-05-06 23:57:01,041 INFO     ___FILE_ONLY___ 21%

2020-05-06 23:57:01,044 INFO     ___FILE_ONLY___ 27%

2020-05-06 23:57:01,045 INFO     ___FILE_ONLY___ 32%

2020-05-06 23:57:01,048 INFO     ___FILE_ONLY___ 37%

2020-05-06 23:57:01,050 INFO     ___FILE_ONLY___ 42%

2020-05-06 23:57:01,053 INFO     ___FILE_ONLY___ 48%

2020-05-06 23:57:01,056 INFO     ___FILE_ONLY___ 53%

2020-05-06 23:57:01,059 INFO     ___FILE_ONLY___ 58%

2020-05-06 23:57:01,062 INFO     ___FILE_ONLY___ 64%

2020-05-06 23:57:01,065 INFO     ___FILE_ONLY___ 69%

2020-05-06 23:57:01,067 INFO     ___FILE_ONLY___ 74%

2020-05-06 23:57:01,069 INFO     ___FILE_ONLY___ 80%

2020-05-06 23:57:01,071 INFO     ___FILE_ONLY___ 85%

2020-05-06 23:57:01,074 INFO     ___FILE_ONLY___ 90%

2020-05-06 23:57:01,076 INFO     ___FILE_ONLY___ 95%

2020-05-06 23:57:01,079 INFO     ___FILE_ONLY___ 100%

2020-05-06 23:57:01,084 INFO     ___FILE_ONLY___ 100%

2020-05-06 23:57:01,084 INFO     ___FILE_ONLY___ Uninstalling: Cloud SDK Core Libraries

2020-05-06 23:57:01,150 INFO     ___FILE_ONLY___ 5%

2020-05-06 23:57:01,202 INFO     ___FILE_ONLY___ 10%

2020-05-06 23:57:01,252 INFO     ___FILE_ONLY___ 15%

2020-05-06 23:57:01,303 INFO     ___FILE_ONLY___ 20%

2020-05-06 23:57:01,369 INFO     ___FILE_ONLY___ 25%

2020-05-06 23:57:01,424 INFO     ___FILE_ONLY___ 30%

2020-05-06 23:57:01,484 INFO     ___FILE_ONLY___ 35%

2020-05-06 23:57:01,540 INFO     ___FILE_ONLY___ 40%

2020-05-06 23:57:01,593 INFO     ___FILE_ONLY___ 45%

2020-05-06 23:57:01,642 INFO     ___FILE_ONLY___ 50%

2020-05-06 23:57:01,690 INFO     ___FILE_ONLY___ 55%

2020-05-06 23:57:01,741 INFO     ___FILE_ONLY___ 60%

2020-05-06 23:57:01,793 INFO     ___FILE_ONLY___ 65%

2020-05-06 23:57:01,842 INFO     ___FILE_ONLY___ 70%

2020-05-06 23:57:01,889 INFO     ___FILE_ONLY___ 75%

2020-05-06 23:57:01,945 INFO     ___FILE_ONLY___ 80%

2020-05-06 23:57:02,000 INFO     ___FILE_ONLY___ 85%

2020-05-06 23:57:02,058 INFO     ___FILE_ONLY___ 90%

2020-05-06 23:57:02,139 INFO     ___FILE_ONLY___ 95%

2020-05-06 23:57:02,200 INFO     ___FILE_ONLY___ 100%

2020-05-06 23:57:02,381 INFO     ___FILE_ONLY___ 100%

2020-05-06 23:57:02,381 INFO     ___FILE_ONLY___ Uninstalling: Cloud Storage Command Line Tool

2020-05-06 23:57:02,411 INFO     ___FILE_ONLY___ 5%

2020-05-06 23:57:02,432 INFO     ___FILE_ONLY___ 10%

2020-05-06 23:57:02,455 INFO     ___FILE_ONLY___ 15%

2020-05-06 23:57:02,474 INFO     ___FILE_ONLY___ 20%

2020-05-06 23:57:02,493 INFO     ___FILE_ONLY___ 25%

2020-05-06 23:57:02,518 INFO     ___FILE_ONLY___ 30%

2020-05-06 23:57:02,540 INFO     ___FILE_ONLY___ 35%

2020-05-06 23:57:02,559 INFO     ___FILE_ONLY___ 40%

2020-05-06 23:57:02,587 INFO     ___FILE_ONLY___ 45%

2020-05-06 23:57:02,616 INFO     ___FILE_ONLY___ 50%

2020-05-06 23:57:02,644 INFO     ___FILE_ONLY___ 55%

2020-05-06 23:57:02,667 INFO     ___FILE_ONLY___ 60%

2020-05-06 23:57:02,683 INFO     ___FILE_ONLY___ 65%

2020-05-06 23:57:02,702 INFO     ___FILE_ONLY___ 70%

2020-05-06 23:57:02,723 INFO     ___FILE_ONLY___ 75%

2020-05-06 23:57:02,741 INFO     ___FILE_ONLY___ 80%

2020-05-06 23:57:02,761 INFO     ___FILE_ONLY___ 85%

2020-05-06 23:57:02,779 INFO     ___FILE_ONLY___ 90%

2020-05-06 23:57:02,800 INFO     ___FILE_ONLY___ 95%

2020-05-06 23:57:02,823 INFO     ___FILE_ONLY___ 100%

2020-05-06 23:57:02,877 INFO     ___FILE_ONLY___ 100%

2020-05-06 23:57:02,878 INFO     ___FILE_ONLY___ Uninstalling: gcloud cli dependencies

2020-05-06 23:57:02,899 INFO     ___FILE_ONLY___ 5%

2020-05-06 23:57:02,923 INFO     ___FILE_ONLY___ 10%

2020-05-06 23:57:02,940 INFO     ___FILE_ONLY___ 15%

2020-05-06 23:57:02,958 INFO     ___FILE_ONLY___ 20%

2020-05-06 23:57:02,973 INFO     ___FILE_ONLY___ 25%

2020-05-06 23:57:02,991 INFO     ___FILE_ONLY___ 30%

2020-05-06 23:57:03,023 INFO     ___FILE_ONLY___ 35%

2020-05-06 23:57:03,045 INFO     ___FILE_ONLY___ 40%

2020-05-06 23:57:03,075 INFO     ___FILE_ONLY___ 45%

2020-05-06 23:57:03,106 INFO     ___FILE_ONLY___ 50%

2020-05-06 23:57:03,125 INFO     ___FILE_ONLY___ 55%

2020-05-06 23:57:03,141 INFO     ___FILE_ONLY___ 60%

2020-05-06 23:57:03,161 INFO     ___FILE_ONLY___ 65%

2020-05-06 23:57:03,177 INFO     ___FILE_ONLY___ 70%

2020-05-06 23:57:03,192 INFO     ___FILE_ONLY___ 75%

2020-05-06 23:57:03,207 INFO     ___FILE_ONLY___ 80%

2020-05-06 23:57:03,223 INFO     ___FILE_ONLY___ 85%

2020-05-06 23:57:03,240 INFO     ___FILE_ONLY___ 90%

2020-05-06 23:57:03,259 INFO     ___FILE_ONLY___ 95%

2020-05-06 23:57:03,277 INFO     ___FILE_ONLY___ 100%

2020-05-06 23:57:03,295 INFO     ___FILE_ONLY___ 100%

2020-05-06 23:57:03,295 INFO     ___FILE_ONLY___ Installing: BigQuery Command Line Tool

2020-05-06 23:57:03,665 INFO     ___FILE_ONLY___ 5%

2020-05-06 23:57:03,703 INFO     ___FILE_ONLY___ 11%

2020-05-06 23:57:03,740 INFO     ___FILE_ONLY___ 16%

2020-05-06 23:57:03,770 INFO     ___FILE_ONLY___ 22%

2020-05-06 23:57:03,819 INFO     ___FILE_ONLY___ 27%

2020-05-06 23:57:03,854 INFO     ___FILE_ONLY___ 33%

2020-05-06 23:57:03,987 INFO     ___FILE_ONLY___ 38%

2020-05-06 23:57:04,067 INFO     ___FILE_ONLY___ 43%

2020-05-06 23:57:04,208 INFO     ___FILE_ONLY___ 49%

2020-05-06 23:57:04,297 INFO     ___FILE_ONLY___ 54%

2020-05-06 23:57:04,313 INFO     ___FILE_ONLY___ 59%

2020-05-06 23:57:04,329 INFO     ___FILE_ONLY___ 64%

2020-05-06 23:57:04,345 INFO     ___FILE_ONLY___ 69%

2020-05-06 23:57:04,364 INFO     ___FILE_ONLY___ 74%

2020-05-06 23:57:04,377 INFO     ___FILE_ONLY___ 79%

2020-05-06 23:57:04,394 INFO     ___FILE_ONLY___ 84%

2020-05-06 23:57:04,410 INFO     ___FILE_ONLY___ 89%

2020-05-06 23:57:04,428 INFO     ___FILE_ONLY___ 94%

2020-05-06 23:57:04,456 INFO     ___FILE_ONLY___ 99%

2020-05-06 23:57:04,458 INFO     ___FILE_ONLY___ 100%

2020-05-06 23:57:04,459 INFO     ___FILE_ONLY___ 100%

2020-05-06 23:57:04,468 INFO     ___FILE_ONLY___ 100%

2020-05-06 23:57:04,469 INFO     ___FILE_ONLY___ Installing: Cloud SDK Core Libraries

2020-05-06 23:57:07,144 INFO     ___FILE_ONLY___ 5%

2020-05-06 23:57:07,688 INFO     ___FILE_ONLY___ 10%

2020-05-06 23:57:08,690 INFO     ___FILE_ONLY___ 15%

2020-05-06 23:57:10,239 INFO     ___FILE_ONLY___ 20%

2020-05-06 23:57:12,074 INFO     ___FILE_ONLY___ 25%

2020-05-06 23:57:12,640 INFO     ___FILE_ONLY___ 30%

2020-05-06 23:57:13,705 INFO     ___FILE_ONLY___ 35%

2020-05-06 23:57:14,330 INFO     ___FILE_ONLY___ 40%

2020-05-06 23:57:15,130 INFO     ___FILE_ONLY___ 45%

2020-05-06 23:57:17,498 INFO     ___FILE_ONLY___ 50%

2020-05-06 23:57:18,007 INFO     ___FILE_ONLY___ 55%

2020-05-06 23:57:18,231 INFO     ___FILE_ONLY___ 60%

2020-05-06 23:57:18,467 INFO     ___FILE_ONLY___ 65%

2020-05-06 23:57:18,708 INFO     ___FILE_ONLY___ 70%

2020-05-06 23:57:18,994 INFO     ___FILE_ONLY___ 75%

2020-05-06 23:57:19,409 INFO     ___FILE_ONLY___ 80%

2020-05-06 23:57:19,846 INFO     ___FILE_ONLY___ 85%

2020-05-06 23:57:20,089 INFO     ___FILE_ONLY___ 90%

2020-05-06 23:57:20,331 INFO     ___FILE_ONLY___ 95%

2020-05-06 23:57:20,591 INFO     ___FILE_ONLY___ 100%

2020-05-06 23:57:20,591 INFO     ___FILE_ONLY___ 100%

2020-05-06 23:57:20,690 INFO     ___FILE_ONLY___ 100%

2020-05-06 23:57:20,690 INFO     ___FILE_ONLY___ Installing: Cloud Storage Command Line Tool

2020-05-06 23:57:21,193 INFO     ___FILE_ONLY___ 5%

2020-05-06 23:57:21,325 INFO     ___FILE_ONLY___ 10%

2020-05-06 23:57:21,493 INFO     ___FILE_ONLY___ 15%

2020-05-06 23:57:21,683 INFO     ___FILE_ONLY___ 20%

2020-05-06 23:57:21,796 INFO     ___FILE_ONLY___ 25%

2020-05-06 23:57:21,930 INFO     ___FILE_ONLY___ 30%

2020-05-06 23:57:22,057 INFO     ___FILE_ONLY___ 36%

2020-05-06 23:57:22,187 INFO     ___FILE_ONLY___ 41%

2020-05-06 23:57:22,441 INFO     ___FILE_ONLY___ 46%

2020-05-06 23:57:23,383 INFO     ___FILE_ONLY___ 51%

2020-05-06 23:57:23,466 INFO     ___FILE_ONLY___ 56%

2020-05-06 23:57:23,531 INFO     ___FILE_ONLY___ 61%

2020-05-06 23:57:23,614 INFO     ___FILE_ONLY___ 66%

2020-05-06 23:57:23,704 INFO     ___FILE_ONLY___ 71%

2020-05-06 23:57:23,796 INFO     ___FILE_ONLY___ 76%

2020-05-06 23:57:23,904 INFO     ___FILE_ONLY___ 81%

2020-05-06 23:57:23,995 INFO     ___FILE_ONLY___ 86%

2020-05-06 23:57:24,067 INFO     ___FILE_ONLY___ 91%

2020-05-06 23:57:24,146 INFO     ___FILE_ONLY___ 96%

2020-05-06 23:57:24,218 INFO     ___FILE_ONLY___ 100%

2020-05-06 23:57:24,218 INFO     ___FILE_ONLY___ 100%

2020-05-06 23:57:24,266 INFO     ___FILE_ONLY___ 100%

2020-05-06 23:57:24,267 INFO     ___FILE_ONLY___ Installing: gcloud cli dependencies

2020-05-06 23:57:25,914 INFO     ___FILE_ONLY___ 5%

2020-05-06 23:57:26,411 INFO     ___FILE_ONLY___ 10%

2020-05-06 23:57:27,404 INFO     ___FILE_ONLY___ 15%

2020-05-06 23:57:27,858 INFO     ___FILE_ONLY___ 20%

2020-05-06 23:57:28,484 INFO     ___FILE_ONLY___ 26%

2020-05-06 23:57:29,095 INFO     ___FILE_ONLY___ 31%

2020-05-06 23:57:29,376 INFO     ___FILE_ONLY___ 36%

2020-05-06 23:57:29,655 INFO     ___FILE_ONLY___ 41%

2020-05-06 23:57:29,923 INFO     ___FILE_ONLY___ 46%

2020-05-06 23:57:30,444 INFO     ___FILE_ONLY___ 51%

2020-05-06 23:57:30,522 INFO     ___FILE_ONLY___ 56%

2020-05-06 23:57:30,611 INFO     ___FILE_ONLY___ 61%

2020-05-06 23:57:30,693 INFO     ___FILE_ONLY___ 66%

2020-05-06 23:57:30,782 INFO     ___FILE_ONLY___ 71%

2020-05-06 23:57:30,853 INFO     ___FILE_ONLY___ 76%

2020-05-06 23:57:30,933 INFO     ___FILE_ONLY___ 81%

2020-05-06 23:57:31,023 INFO     ___FILE_ONLY___ 86%

2020-05-06 23:57:31,100 INFO     ___FILE_ONLY___ 91%

2020-05-06 23:57:31,224 INFO     ___FILE_ONLY___ 96%

2020-05-06 23:57:31,281 INFO     ___FILE_ONLY___ 100%

2020-05-06 23:57:31,282 INFO     ___FILE_ONLY___ 100%

2020-05-06 23:57:31,313 INFO     ___FILE_ONLY___ 100%

2020-05-06 23:57:31,313 INFO     ___FILE_ONLY___ Creating backup and activating new installation

2020-05-06 23:57:31,314 DEBUG    root            Attempting to move directory [/Users/jakevollkommer/Downloads/google-cloud-sdk] to [/Users/jakevollkommer/Downloads/google-cloud-sdk.staging/.install/.backup]
2020-05-06 23:57:31,314 INFO     ___FILE_ONLY___ 50%

2020-05-06 23:57:31,314 DEBUG    root            Attempting to move directory [/Users/jakevollkommer/Downloads/google-cloud-sdk.staging] to [/Users/jakevollkommer/Downloads/google-cloud-sdk]
2020-05-06 23:57:31,316 INFO     ___FILE_ONLY___ 100%

2020-05-06 23:57:31,316 INFO     ___FILE_ONLY___ 100%

2020-05-06 23:57:31,324 DEBUG    root            Updating notification cache...
2020-05-06 23:57:31,325 INFO     ___FILE_ONLY___ 

2020-05-06 23:57:31,325 INFO     ___FILE_ONLY___ Performing post processing steps...
2020-05-06 23:57:31,326 DEBUG    root            Executing command: ['/System/Library/Frameworks/Python.framework/Versions/2.7/Resources/Python.app/Contents/MacOS/Python', u'-S', u'/Users/jakevollkommer/Downloads/google-cloud-sdk/lib/gcloud.py', u'components', u'post-process']
2020-05-06 23:57:49,478 DEBUG    ___FILE_ONLY___ 
2020-05-06 23:57:49,479 DEBUG    ___FILE_ONLY___ 
2020-05-06 23:57:50,380 INFO     ___FILE_ONLY___ 
Update done!


2020-05-06 23:57:50,380 INFO     ___FILE_ONLY___ To revert your SDK to the previously installed version, you may run:
  $ gcloud components update --version 290.0.1


2020-05-06 23:57:50,393 INFO     root            Display format: "none"
2020-05-06 23:57:50,409 DEBUG    root            Metrics reporting process started...
