2020-04-28 22:02:30,659 DEBUG    root            Metrics collector initialized...
2020-04-28 22:02:30,661 DEBUG    root            Loaded Command Group: [u'gcloud', u'components']
2020-04-28 22:02:30,666 DEBUG    root            Loaded Command Group: [u'gcloud', u'components', u'list']
2020-04-28 22:02:30,669 DEBUG    root            Running [gcloud.components.list] with arguments: [--quiet: "True"]
2020-04-28 22:02:31,720 INFO     ___FILE_ONLY___ 
Your current Cloud SDK version is: 290.0.1

2020-04-28 22:02:31,720 INFO     ___FILE_ONLY___ The latest available version is: 290.0.1

2020-04-28 22:02:31,720 INFO     ___FILE_ONLY___ 

2020-04-28 22:02:31,722 INFO     root            Display format: "table[box,title="Components"](state.name:label=Status,name:label=Name,id:label=ID,size.size(zero="",min=1048576):label=Size:align=right)"
2020-04-28 22:02:31,729 INFO     ___FILE_ONLY___ ┌────────────────────────────────────────────────────────────────────────────────────────────────────────────┐
2020-04-28 22:02:31,729 INFO     ___FILE_ONLY___ 

2020-04-28 22:02:31,729 INFO     ___FILE_ONLY___ │                                                 Components                                                 │
2020-04-28 22:02:31,729 INFO     ___FILE_ONLY___ 

2020-04-28 22:02:31,730 INFO     ___FILE_ONLY___ ├───────────────┬──────────────────────────────────────────────────────┬──────────────────────────┬──────────┤
2020-04-28 22:02:31,730 INFO     ___FILE_ONLY___ 

2020-04-28 22:02:31,730 INFO     ___FILE_ONLY___ │     Status    │                         Name                         │            ID            │   Size   │
2020-04-28 22:02:31,730 INFO     ___FILE_ONLY___ 

2020-04-28 22:02:31,730 INFO     ___FILE_ONLY___ ├───────────────┼──────────────────────────────────────────────────────┼──────────────────────────┼──────────┤
2020-04-28 22:02:31,731 INFO     ___FILE_ONLY___ 

2020-04-28 22:02:31,731 INFO     ___FILE_ONLY___ │ 
2020-04-28 22:02:31,731 INFO     ___FILE_ONLY___ Not Installed
2020-04-28 22:02:31,731 INFO     ___FILE_ONLY___  
2020-04-28 22:02:31,731 INFO     ___FILE_ONLY___ │ 
2020-04-28 22:02:31,731 INFO     ___FILE_ONLY___ App Engine Go Extensions                            
2020-04-28 22:02:31,732 INFO     ___FILE_ONLY___  
2020-04-28 22:02:31,732 INFO     ___FILE_ONLY___ │ 
2020-04-28 22:02:31,732 INFO     ___FILE_ONLY___ app-engine-go           
2020-04-28 22:02:31,732 INFO     ___FILE_ONLY___  
2020-04-28 22:02:31,732 INFO     ___FILE_ONLY___ │ 
2020-04-28 22:02:31,732 INFO     ___FILE_ONLY___  4.8 MiB
2020-04-28 22:02:31,733 INFO     ___FILE_ONLY___  
2020-04-28 22:02:31,733 INFO     ___FILE_ONLY___ │
2020-04-28 22:02:31,733 INFO     ___FILE_ONLY___ 

2020-04-28 22:02:31,733 INFO     ___FILE_ONLY___ │ 
2020-04-28 22:02:31,733 INFO     ___FILE_ONLY___ Not Installed
2020-04-28 22:02:31,733 INFO     ___FILE_ONLY___  
2020-04-28 22:02:31,734 INFO     ___FILE_ONLY___ │ 
2020-04-28 22:02:31,734 INFO     ___FILE_ONLY___ Appctl                                              
2020-04-28 22:02:31,734 INFO     ___FILE_ONLY___  
2020-04-28 22:02:31,734 INFO     ___FILE_ONLY___ │ 
2020-04-28 22:02:31,734 INFO     ___FILE_ONLY___ appctl                  
2020-04-28 22:02:31,734 INFO     ___FILE_ONLY___  
2020-04-28 22:02:31,734 INFO     ___FILE_ONLY___ │ 
2020-04-28 22:02:31,734 INFO     ___FILE_ONLY___ 17.5 MiB
2020-04-28 22:02:31,734 INFO     ___FILE_ONLY___  
2020-04-28 22:02:31,735 INFO     ___FILE_ONLY___ │
2020-04-28 22:02:31,735 INFO     ___FILE_ONLY___ 

2020-04-28 22:02:31,735 INFO     ___FILE_ONLY___ │ 
2020-04-28 22:02:31,735 INFO     ___FILE_ONLY___ Not Installed
2020-04-28 22:02:31,735 INFO     ___FILE_ONLY___  
2020-04-28 22:02:31,735 INFO     ___FILE_ONLY___ │ 
2020-04-28 22:02:31,735 INFO     ___FILE_ONLY___ Cloud Bigtable Command Line Tool                    
2020-04-28 22:02:31,736 INFO     ___FILE_ONLY___  
2020-04-28 22:02:31,736 INFO     ___FILE_ONLY___ │ 
2020-04-28 22:02:31,736 INFO     ___FILE_ONLY___ cbt                     
2020-04-28 22:02:31,736 INFO     ___FILE_ONLY___  
2020-04-28 22:02:31,736 INFO     ___FILE_ONLY___ │ 
2020-04-28 22:02:31,736 INFO     ___FILE_ONLY___  7.6 MiB
2020-04-28 22:02:31,737 INFO     ___FILE_ONLY___  
2020-04-28 22:02:31,737 INFO     ___FILE_ONLY___ │
2020-04-28 22:02:31,737 INFO     ___FILE_ONLY___ 

2020-04-28 22:02:31,737 INFO     ___FILE_ONLY___ │ 
2020-04-28 22:02:31,737 INFO     ___FILE_ONLY___ Not Installed
2020-04-28 22:02:31,737 INFO     ___FILE_ONLY___  
2020-04-28 22:02:31,738 INFO     ___FILE_ONLY___ │ 
2020-04-28 22:02:31,738 INFO     ___FILE_ONLY___ Cloud Bigtable Emulator                             
2020-04-28 22:02:31,738 INFO     ___FILE_ONLY___  
2020-04-28 22:02:31,738 INFO     ___FILE_ONLY___ │ 
2020-04-28 22:02:31,738 INFO     ___FILE_ONLY___ bigtable                
2020-04-28 22:02:31,738 INFO     ___FILE_ONLY___  
2020-04-28 22:02:31,739 INFO     ___FILE_ONLY___ │ 
2020-04-28 22:02:31,739 INFO     ___FILE_ONLY___  6.6 MiB
2020-04-28 22:02:31,739 INFO     ___FILE_ONLY___  
2020-04-28 22:02:31,739 INFO     ___FILE_ONLY___ │
2020-04-28 22:02:31,739 INFO     ___FILE_ONLY___ 

2020-04-28 22:02:31,740 INFO     ___FILE_ONLY___ │ 
2020-04-28 22:02:31,740 INFO     ___FILE_ONLY___ Not Installed
2020-04-28 22:02:31,740 INFO     ___FILE_ONLY___  
2020-04-28 22:02:31,740 INFO     ___FILE_ONLY___ │ 
2020-04-28 22:02:31,740 INFO     ___FILE_ONLY___ Cloud Datalab Command Line Tool                     
2020-04-28 22:02:31,741 INFO     ___FILE_ONLY___  
2020-04-28 22:02:31,741 INFO     ___FILE_ONLY___ │ 
2020-04-28 22:02:31,741 INFO     ___FILE_ONLY___ datalab                 
2020-04-28 22:02:31,741 INFO     ___FILE_ONLY___  
2020-04-28 22:02:31,742 INFO     ___FILE_ONLY___ │ 
2020-04-28 22:02:31,742 INFO     ___FILE_ONLY___  < 1 MiB
2020-04-28 22:02:31,742 INFO     ___FILE_ONLY___  
2020-04-28 22:02:31,742 INFO     ___FILE_ONLY___ │
2020-04-28 22:02:31,742 INFO     ___FILE_ONLY___ 

2020-04-28 22:02:31,743 INFO     ___FILE_ONLY___ │ 
2020-04-28 22:02:31,743 INFO     ___FILE_ONLY___ Not Installed
2020-04-28 22:02:31,743 INFO     ___FILE_ONLY___  
2020-04-28 22:02:31,743 INFO     ___FILE_ONLY___ │ 
2020-04-28 22:02:31,743 INFO     ___FILE_ONLY___ Cloud Datastore Emulator                            
2020-04-28 22:02:31,744 INFO     ___FILE_ONLY___  
2020-04-28 22:02:31,744 INFO     ___FILE_ONLY___ │ 
2020-04-28 22:02:31,744 INFO     ___FILE_ONLY___ cloud-datastore-emulator
2020-04-28 22:02:31,744 INFO     ___FILE_ONLY___  
2020-04-28 22:02:31,744 INFO     ___FILE_ONLY___ │ 
2020-04-28 22:02:31,744 INFO     ___FILE_ONLY___ 18.4 MiB
2020-04-28 22:02:31,744 INFO     ___FILE_ONLY___  
2020-04-28 22:02:31,745 INFO     ___FILE_ONLY___ │
2020-04-28 22:02:31,745 INFO     ___FILE_ONLY___ 

2020-04-28 22:02:31,745 INFO     ___FILE_ONLY___ │ 
2020-04-28 22:02:31,745 INFO     ___FILE_ONLY___ Not Installed
2020-04-28 22:02:31,745 INFO     ___FILE_ONLY___  
2020-04-28 22:02:31,745 INFO     ___FILE_ONLY___ │ 
2020-04-28 22:02:31,746 INFO     ___FILE_ONLY___ Cloud Firestore Emulator                            
2020-04-28 22:02:31,746 INFO     ___FILE_ONLY___  
2020-04-28 22:02:31,746 INFO     ___FILE_ONLY___ │ 
2020-04-28 22:02:31,746 INFO     ___FILE_ONLY___ cloud-firestore-emulator
2020-04-28 22:02:31,746 INFO     ___FILE_ONLY___  
2020-04-28 22:02:31,747 INFO     ___FILE_ONLY___ │ 
2020-04-28 22:02:31,747 INFO     ___FILE_ONLY___ 40.4 MiB
2020-04-28 22:02:31,747 INFO     ___FILE_ONLY___  
2020-04-28 22:02:31,747 INFO     ___FILE_ONLY___ │
2020-04-28 22:02:31,747 INFO     ___FILE_ONLY___ 

2020-04-28 22:02:31,748 INFO     ___FILE_ONLY___ │ 
2020-04-28 22:02:31,748 INFO     ___FILE_ONLY___ Not Installed
2020-04-28 22:02:31,748 INFO     ___FILE_ONLY___  
2020-04-28 22:02:31,748 INFO     ___FILE_ONLY___ │ 
2020-04-28 22:02:31,748 INFO     ___FILE_ONLY___ Cloud Pub/Sub Emulator                              
2020-04-28 22:02:31,748 INFO     ___FILE_ONLY___  
2020-04-28 22:02:31,748 INFO     ___FILE_ONLY___ │ 
2020-04-28 22:02:31,748 INFO     ___FILE_ONLY___ pubsub-emulator         
2020-04-28 22:02:31,749 INFO     ___FILE_ONLY___  
2020-04-28 22:02:31,749 INFO     ___FILE_ONLY___ │ 
2020-04-28 22:02:31,749 INFO     ___FILE_ONLY___ 34.9 MiB
2020-04-28 22:02:31,749 INFO     ___FILE_ONLY___  
2020-04-28 22:02:31,749 INFO     ___FILE_ONLY___ │
2020-04-28 22:02:31,749 INFO     ___FILE_ONLY___ 

2020-04-28 22:02:31,749 INFO     ___FILE_ONLY___ │ 
2020-04-28 22:02:31,750 INFO     ___FILE_ONLY___ Not Installed
2020-04-28 22:02:31,750 INFO     ___FILE_ONLY___  
2020-04-28 22:02:31,750 INFO     ___FILE_ONLY___ │ 
2020-04-28 22:02:31,750 INFO     ___FILE_ONLY___ Cloud SQL Proxy                                     
2020-04-28 22:02:31,750 INFO     ___FILE_ONLY___  
2020-04-28 22:02:31,751 INFO     ___FILE_ONLY___ │ 
2020-04-28 22:02:31,751 INFO     ___FILE_ONLY___ cloud_sql_proxy         
2020-04-28 22:02:31,751 INFO     ___FILE_ONLY___  
2020-04-28 22:02:31,751 INFO     ___FILE_ONLY___ │ 
2020-04-28 22:02:31,751 INFO     ___FILE_ONLY___  3.7 MiB
2020-04-28 22:02:31,752 INFO     ___FILE_ONLY___  
2020-04-28 22:02:31,752 INFO     ___FILE_ONLY___ │
2020-04-28 22:02:31,752 INFO     ___FILE_ONLY___ 

2020-04-28 22:02:31,752 INFO     ___FILE_ONLY___ │ 
2020-04-28 22:02:31,752 INFO     ___FILE_ONLY___ Not Installed
2020-04-28 22:02:31,753 INFO     ___FILE_ONLY___  
2020-04-28 22:02:31,753 INFO     ___FILE_ONLY___ │ 
2020-04-28 22:02:31,753 INFO     ___FILE_ONLY___ Emulator Reverse Proxy                              
2020-04-28 22:02:31,753 INFO     ___FILE_ONLY___  
2020-04-28 22:02:31,753 INFO     ___FILE_ONLY___ │ 
2020-04-28 22:02:31,753 INFO     ___FILE_ONLY___ emulator-reverse-proxy  
2020-04-28 22:02:31,753 INFO     ___FILE_ONLY___  
2020-04-28 22:02:31,753 INFO     ___FILE_ONLY___ │ 
2020-04-28 22:02:31,754 INFO     ___FILE_ONLY___ 14.5 MiB
2020-04-28 22:02:31,754 INFO     ___FILE_ONLY___  
2020-04-28 22:02:31,754 INFO     ___FILE_ONLY___ │
2020-04-28 22:02:31,754 INFO     ___FILE_ONLY___ 

2020-04-28 22:02:31,754 INFO     ___FILE_ONLY___ │ 
2020-04-28 22:02:31,754 INFO     ___FILE_ONLY___ Not Installed
2020-04-28 22:02:31,754 INFO     ___FILE_ONLY___  
2020-04-28 22:02:31,754 INFO     ___FILE_ONLY___ │ 
2020-04-28 22:02:31,754 INFO     ___FILE_ONLY___ Google Cloud Build Local Builder                    
2020-04-28 22:02:31,754 INFO     ___FILE_ONLY___  
2020-04-28 22:02:31,755 INFO     ___FILE_ONLY___ │ 
2020-04-28 22:02:31,755 INFO     ___FILE_ONLY___ cloud-build-local       
2020-04-28 22:02:31,755 INFO     ___FILE_ONLY___  
2020-04-28 22:02:31,755 INFO     ___FILE_ONLY___ │ 
2020-04-28 22:02:31,755 INFO     ___FILE_ONLY___  5.9 MiB
2020-04-28 22:02:31,755 INFO     ___FILE_ONLY___  
2020-04-28 22:02:31,755 INFO     ___FILE_ONLY___ │
2020-04-28 22:02:31,755 INFO     ___FILE_ONLY___ 

2020-04-28 22:02:31,756 INFO     ___FILE_ONLY___ │ 
2020-04-28 22:02:31,756 INFO     ___FILE_ONLY___ Not Installed
2020-04-28 22:02:31,756 INFO     ___FILE_ONLY___  
2020-04-28 22:02:31,756 INFO     ___FILE_ONLY___ │ 
2020-04-28 22:02:31,756 INFO     ___FILE_ONLY___ Google Container Registry's Docker credential helper
2020-04-28 22:02:31,756 INFO     ___FILE_ONLY___  
2020-04-28 22:02:31,756 INFO     ___FILE_ONLY___ │ 
2020-04-28 22:02:31,756 INFO     ___FILE_ONLY___ docker-credential-gcr   
2020-04-28 22:02:31,756 INFO     ___FILE_ONLY___  
2020-04-28 22:02:31,756 INFO     ___FILE_ONLY___ │ 
2020-04-28 22:02:31,756 INFO     ___FILE_ONLY___  1.8 MiB
2020-04-28 22:02:31,756 INFO     ___FILE_ONLY___  
2020-04-28 22:02:31,757 INFO     ___FILE_ONLY___ │
2020-04-28 22:02:31,757 INFO     ___FILE_ONLY___ 

2020-04-28 22:02:31,757 INFO     ___FILE_ONLY___ │ 
2020-04-28 22:02:31,757 INFO     ___FILE_ONLY___ Not Installed
2020-04-28 22:02:31,757 INFO     ___FILE_ONLY___  
2020-04-28 22:02:31,757 INFO     ___FILE_ONLY___ │ 
2020-04-28 22:02:31,757 INFO     ___FILE_ONLY___ Kind                                                
2020-04-28 22:02:31,757 INFO     ___FILE_ONLY___  
2020-04-28 22:02:31,757 INFO     ___FILE_ONLY___ │ 
2020-04-28 22:02:31,757 INFO     ___FILE_ONLY___ kind                    
2020-04-28 22:02:31,757 INFO     ___FILE_ONLY___  
2020-04-28 22:02:31,758 INFO     ___FILE_ONLY___ │ 
2020-04-28 22:02:31,758 INFO     ___FILE_ONLY___  4.4 MiB
2020-04-28 22:02:31,758 INFO     ___FILE_ONLY___  
2020-04-28 22:02:31,758 INFO     ___FILE_ONLY___ │
2020-04-28 22:02:31,758 INFO     ___FILE_ONLY___ 

2020-04-28 22:02:31,758 INFO     ___FILE_ONLY___ │ 
2020-04-28 22:02:31,758 INFO     ___FILE_ONLY___ Not Installed
2020-04-28 22:02:31,758 INFO     ___FILE_ONLY___  
2020-04-28 22:02:31,759 INFO     ___FILE_ONLY___ │ 
2020-04-28 22:02:31,759 INFO     ___FILE_ONLY___ Minikube                                            
2020-04-28 22:02:31,759 INFO     ___FILE_ONLY___  
2020-04-28 22:02:31,759 INFO     ___FILE_ONLY___ │ 
2020-04-28 22:02:31,759 INFO     ___FILE_ONLY___ minikube                
2020-04-28 22:02:31,759 INFO     ___FILE_ONLY___  
2020-04-28 22:02:31,759 INFO     ___FILE_ONLY___ │ 
2020-04-28 22:02:31,759 INFO     ___FILE_ONLY___ 22.0 MiB
2020-04-28 22:02:31,759 INFO     ___FILE_ONLY___  
2020-04-28 22:02:31,760 INFO     ___FILE_ONLY___ │
2020-04-28 22:02:31,760 INFO     ___FILE_ONLY___ 

2020-04-28 22:02:31,760 INFO     ___FILE_ONLY___ │ 
2020-04-28 22:02:31,760 INFO     ___FILE_ONLY___ Not Installed
2020-04-28 22:02:31,760 INFO     ___FILE_ONLY___  
2020-04-28 22:02:31,760 INFO     ___FILE_ONLY___ │ 
2020-04-28 22:02:31,760 INFO     ___FILE_ONLY___ Skaffold                                            
2020-04-28 22:02:31,760 INFO     ___FILE_ONLY___  
2020-04-28 22:02:31,760 INFO     ___FILE_ONLY___ │ 
2020-04-28 22:02:31,760 INFO     ___FILE_ONLY___ skaffold                
2020-04-28 22:02:31,761 INFO     ___FILE_ONLY___  
2020-04-28 22:02:31,761 INFO     ___FILE_ONLY___ │ 
2020-04-28 22:02:31,761 INFO     ___FILE_ONLY___ 12.6 MiB
2020-04-28 22:02:31,761 INFO     ___FILE_ONLY___  
2020-04-28 22:02:31,761 INFO     ___FILE_ONLY___ │
2020-04-28 22:02:31,761 INFO     ___FILE_ONLY___ 

2020-04-28 22:02:31,761 INFO     ___FILE_ONLY___ │ 
2020-04-28 22:02:31,761 INFO     ___FILE_ONLY___ Not Installed
2020-04-28 22:02:31,761 INFO     ___FILE_ONLY___  
2020-04-28 22:02:31,761 INFO     ___FILE_ONLY___ │ 
2020-04-28 22:02:31,761 INFO     ___FILE_ONLY___ anthos-auth                                         
2020-04-28 22:02:31,762 INFO     ___FILE_ONLY___  
2020-04-28 22:02:31,762 INFO     ___FILE_ONLY___ │ 
2020-04-28 22:02:31,762 INFO     ___FILE_ONLY___ anthos-auth             
2020-04-28 22:02:31,762 INFO     ___FILE_ONLY___  
2020-04-28 22:02:31,762 INFO     ___FILE_ONLY___ │ 
2020-04-28 22:02:31,762 INFO     ___FILE_ONLY___  8.6 MiB
2020-04-28 22:02:31,762 INFO     ___FILE_ONLY___  
2020-04-28 22:02:31,762 INFO     ___FILE_ONLY___ │
2020-04-28 22:02:31,762 INFO     ___FILE_ONLY___ 

2020-04-28 22:02:31,762 INFO     ___FILE_ONLY___ │ 
2020-04-28 22:02:31,762 INFO     ___FILE_ONLY___ Not Installed
2020-04-28 22:02:31,763 INFO     ___FILE_ONLY___  
2020-04-28 22:02:31,763 INFO     ___FILE_ONLY___ │ 
2020-04-28 22:02:31,763 INFO     ___FILE_ONLY___ gcloud Alpha Commands                               
2020-04-28 22:02:31,763 INFO     ___FILE_ONLY___  
2020-04-28 22:02:31,763 INFO     ___FILE_ONLY___ │ 
2020-04-28 22:02:31,763 INFO     ___FILE_ONLY___ alpha                   
2020-04-28 22:02:31,764 INFO     ___FILE_ONLY___  
2020-04-28 22:02:31,764 INFO     ___FILE_ONLY___ │ 
2020-04-28 22:02:31,764 INFO     ___FILE_ONLY___  < 1 MiB
2020-04-28 22:02:31,764 INFO     ___FILE_ONLY___  
2020-04-28 22:02:31,764 INFO     ___FILE_ONLY___ │
2020-04-28 22:02:31,764 INFO     ___FILE_ONLY___ 

2020-04-28 22:02:31,764 INFO     ___FILE_ONLY___ │ 
2020-04-28 22:02:31,764 INFO     ___FILE_ONLY___ Not Installed
2020-04-28 22:02:31,764 INFO     ___FILE_ONLY___  
2020-04-28 22:02:31,764 INFO     ___FILE_ONLY___ │ 
2020-04-28 22:02:31,765 INFO     ___FILE_ONLY___ gcloud Beta Commands                                
2020-04-28 22:02:31,765 INFO     ___FILE_ONLY___  
2020-04-28 22:02:31,765 INFO     ___FILE_ONLY___ │ 
2020-04-28 22:02:31,765 INFO     ___FILE_ONLY___ beta                    
2020-04-28 22:02:31,765 INFO     ___FILE_ONLY___  
2020-04-28 22:02:31,765 INFO     ___FILE_ONLY___ │ 
2020-04-28 22:02:31,765 INFO     ___FILE_ONLY___  < 1 MiB
2020-04-28 22:02:31,765 INFO     ___FILE_ONLY___  
2020-04-28 22:02:31,765 INFO     ___FILE_ONLY___ │
2020-04-28 22:02:31,765 INFO     ___FILE_ONLY___ 

2020-04-28 22:02:31,765 INFO     ___FILE_ONLY___ │ 
2020-04-28 22:02:31,766 INFO     ___FILE_ONLY___ Not Installed
2020-04-28 22:02:31,766 INFO     ___FILE_ONLY___  
2020-04-28 22:02:31,766 INFO     ___FILE_ONLY___ │ 
2020-04-28 22:02:31,766 INFO     ___FILE_ONLY___ gcloud app Java Extensions                          
2020-04-28 22:02:31,766 INFO     ___FILE_ONLY___  
2020-04-28 22:02:31,766 INFO     ___FILE_ONLY___ │ 
2020-04-28 22:02:31,767 INFO     ___FILE_ONLY___ app-engine-java         
2020-04-28 22:02:31,767 INFO     ___FILE_ONLY___  
2020-04-28 22:02:31,767 INFO     ___FILE_ONLY___ │ 
2020-04-28 22:02:31,767 INFO     ___FILE_ONLY___ 62.3 MiB
2020-04-28 22:02:31,767 INFO     ___FILE_ONLY___  
2020-04-28 22:02:31,767 INFO     ___FILE_ONLY___ │
2020-04-28 22:02:31,767 INFO     ___FILE_ONLY___ 

2020-04-28 22:02:31,767 INFO     ___FILE_ONLY___ │ 
2020-04-28 22:02:31,767 INFO     ___FILE_ONLY___ Not Installed
2020-04-28 22:02:31,767 INFO     ___FILE_ONLY___  
2020-04-28 22:02:31,767 INFO     ___FILE_ONLY___ │ 
2020-04-28 22:02:31,768 INFO     ___FILE_ONLY___ gcloud app PHP Extensions                           
2020-04-28 22:02:31,768 INFO     ___FILE_ONLY___  
2020-04-28 22:02:31,768 INFO     ___FILE_ONLY___ │ 
2020-04-28 22:02:31,768 INFO     ___FILE_ONLY___ app-engine-php          
2020-04-28 22:02:31,768 INFO     ___FILE_ONLY___  
2020-04-28 22:02:31,768 INFO     ___FILE_ONLY___ │ 
2020-04-28 22:02:31,768 INFO     ___FILE_ONLY___ 21.9 MiB
2020-04-28 22:02:31,768 INFO     ___FILE_ONLY___  
2020-04-28 22:02:31,768 INFO     ___FILE_ONLY___ │
2020-04-28 22:02:31,768 INFO     ___FILE_ONLY___ 

2020-04-28 22:02:31,768 INFO     ___FILE_ONLY___ │ 
2020-04-28 22:02:31,769 INFO     ___FILE_ONLY___ Not Installed
2020-04-28 22:02:31,769 INFO     ___FILE_ONLY___  
2020-04-28 22:02:31,769 INFO     ___FILE_ONLY___ │ 
2020-04-28 22:02:31,769 INFO     ___FILE_ONLY___ gcloud app Python Extensions                        
2020-04-28 22:02:31,769 INFO     ___FILE_ONLY___  
2020-04-28 22:02:31,769 INFO     ___FILE_ONLY___ │ 
2020-04-28 22:02:31,769 INFO     ___FILE_ONLY___ app-engine-python       
2020-04-28 22:02:31,769 INFO     ___FILE_ONLY___  
2020-04-28 22:02:31,769 INFO     ___FILE_ONLY___ │ 
2020-04-28 22:02:31,769 INFO     ___FILE_ONLY___  6.1 MiB
2020-04-28 22:02:31,769 INFO     ___FILE_ONLY___  
2020-04-28 22:02:31,769 INFO     ___FILE_ONLY___ │
2020-04-28 22:02:31,770 INFO     ___FILE_ONLY___ 

2020-04-28 22:02:31,770 INFO     ___FILE_ONLY___ │ 
2020-04-28 22:02:31,770 INFO     ___FILE_ONLY___ Not Installed
2020-04-28 22:02:31,770 INFO     ___FILE_ONLY___  
2020-04-28 22:02:31,770 INFO     ___FILE_ONLY___ │ 
2020-04-28 22:02:31,770 INFO     ___FILE_ONLY___ gcloud app Python Extensions (Extra Libraries)      
2020-04-28 22:02:31,770 INFO     ___FILE_ONLY___  
2020-04-28 22:02:31,770 INFO     ___FILE_ONLY___ │ 
2020-04-28 22:02:31,770 INFO     ___FILE_ONLY___ app-engine-python-extras
2020-04-28 22:02:31,771 INFO     ___FILE_ONLY___  
2020-04-28 22:02:31,771 INFO     ___FILE_ONLY___ │ 
2020-04-28 22:02:31,771 INFO     ___FILE_ONLY___ 27.1 MiB
2020-04-28 22:02:31,771 INFO     ___FILE_ONLY___  
2020-04-28 22:02:31,771 INFO     ___FILE_ONLY___ │
2020-04-28 22:02:31,771 INFO     ___FILE_ONLY___ 

2020-04-28 22:02:31,771 INFO     ___FILE_ONLY___ │ 
2020-04-28 22:02:31,771 INFO     ___FILE_ONLY___ Not Installed
2020-04-28 22:02:31,771 INFO     ___FILE_ONLY___  
2020-04-28 22:02:31,771 INFO     ___FILE_ONLY___ │ 
2020-04-28 22:02:31,771 INFO     ___FILE_ONLY___ kpt                                                 
2020-04-28 22:02:31,772 INFO     ___FILE_ONLY___  
2020-04-28 22:02:31,772 INFO     ___FILE_ONLY___ │ 
2020-04-28 22:02:31,772 INFO     ___FILE_ONLY___ kpt                     
2020-04-28 22:02:31,772 INFO     ___FILE_ONLY___  
2020-04-28 22:02:31,772 INFO     ___FILE_ONLY___ │ 
2020-04-28 22:02:31,772 INFO     ___FILE_ONLY___ 19.4 MiB
2020-04-28 22:02:31,772 INFO     ___FILE_ONLY___  
2020-04-28 22:02:31,772 INFO     ___FILE_ONLY___ │
2020-04-28 22:02:31,772 INFO     ___FILE_ONLY___ 

2020-04-28 22:02:31,772 INFO     ___FILE_ONLY___ │ 
2020-04-28 22:02:31,773 INFO     ___FILE_ONLY___ Not Installed
2020-04-28 22:02:31,773 INFO     ___FILE_ONLY___  
2020-04-28 22:02:31,773 INFO     ___FILE_ONLY___ │ 
2020-04-28 22:02:31,773 INFO     ___FILE_ONLY___ kubectl                                             
2020-04-28 22:02:31,773 INFO     ___FILE_ONLY___  
2020-04-28 22:02:31,773 INFO     ___FILE_ONLY___ │ 
2020-04-28 22:02:31,773 INFO     ___FILE_ONLY___ kubectl                 
2020-04-28 22:02:31,773 INFO     ___FILE_ONLY___  
2020-04-28 22:02:31,773 INFO     ___FILE_ONLY___ │ 
2020-04-28 22:02:31,774 INFO     ___FILE_ONLY___  < 1 MiB
2020-04-28 22:02:31,774 INFO     ___FILE_ONLY___  
2020-04-28 22:02:31,774 INFO     ___FILE_ONLY___ │
2020-04-28 22:02:31,774 INFO     ___FILE_ONLY___ 

2020-04-28 22:02:31,774 INFO     ___FILE_ONLY___ │ 
2020-04-28 22:02:31,774 INFO     ___FILE_ONLY___ Installed    
2020-04-28 22:02:31,774 INFO     ___FILE_ONLY___  
2020-04-28 22:02:31,774 INFO     ___FILE_ONLY___ │ 
2020-04-28 22:02:31,774 INFO     ___FILE_ONLY___ BigQuery Command Line Tool                          
2020-04-28 22:02:31,775 INFO     ___FILE_ONLY___  
2020-04-28 22:02:31,775 INFO     ___FILE_ONLY___ │ 
2020-04-28 22:02:31,775 INFO     ___FILE_ONLY___ bq                      
2020-04-28 22:02:31,775 INFO     ___FILE_ONLY___  
2020-04-28 22:02:31,775 INFO     ___FILE_ONLY___ │ 
2020-04-28 22:02:31,775 INFO     ___FILE_ONLY___  < 1 MiB
2020-04-28 22:02:31,775 INFO     ___FILE_ONLY___  
2020-04-28 22:02:31,775 INFO     ___FILE_ONLY___ │
2020-04-28 22:02:31,775 INFO     ___FILE_ONLY___ 

2020-04-28 22:02:31,775 INFO     ___FILE_ONLY___ │ 
2020-04-28 22:02:31,776 INFO     ___FILE_ONLY___ Installed    
2020-04-28 22:02:31,776 INFO     ___FILE_ONLY___  
2020-04-28 22:02:31,776 INFO     ___FILE_ONLY___ │ 
2020-04-28 22:02:31,776 INFO     ___FILE_ONLY___ Cloud SDK Core Libraries                            
2020-04-28 22:02:31,776 INFO     ___FILE_ONLY___  
2020-04-28 22:02:31,776 INFO     ___FILE_ONLY___ │ 
2020-04-28 22:02:31,776 INFO     ___FILE_ONLY___ core                    
2020-04-28 22:02:31,776 INFO     ___FILE_ONLY___  
2020-04-28 22:02:31,776 INFO     ___FILE_ONLY___ │ 
2020-04-28 22:02:31,776 INFO     ___FILE_ONLY___ 14.3 MiB
2020-04-28 22:02:31,776 INFO     ___FILE_ONLY___  
2020-04-28 22:02:31,777 INFO     ___FILE_ONLY___ │
2020-04-28 22:02:31,777 INFO     ___FILE_ONLY___ 

2020-04-28 22:02:31,777 INFO     ___FILE_ONLY___ │ 
2020-04-28 22:02:31,777 INFO     ___FILE_ONLY___ Installed    
2020-04-28 22:02:31,777 INFO     ___FILE_ONLY___  
2020-04-28 22:02:31,777 INFO     ___FILE_ONLY___ │ 
2020-04-28 22:02:31,777 INFO     ___FILE_ONLY___ Cloud Storage Command Line Tool                     
2020-04-28 22:02:31,777 INFO     ___FILE_ONLY___  
2020-04-28 22:02:31,777 INFO     ___FILE_ONLY___ │ 
2020-04-28 22:02:31,777 INFO     ___FILE_ONLY___ gsutil                  
2020-04-28 22:02:31,777 INFO     ___FILE_ONLY___  
2020-04-28 22:02:31,778 INFO     ___FILE_ONLY___ │ 
2020-04-28 22:02:31,778 INFO     ___FILE_ONLY___  3.6 MiB
2020-04-28 22:02:31,778 INFO     ___FILE_ONLY___  
2020-04-28 22:02:31,778 INFO     ___FILE_ONLY___ │
2020-04-28 22:02:31,778 INFO     ___FILE_ONLY___ 

2020-04-28 22:02:31,778 INFO     ___FILE_ONLY___ └───────────────┴──────────────────────────────────────────────────────┴──────────────────────────┴──────────┘
2020-04-28 22:02:31,778 INFO     ___FILE_ONLY___ 

2020-04-28 22:02:31,778 INFO     ___FILE_ONLY___ To install or remove components at your current SDK version [290.0.1], run:
  $ gcloud components install COMPONENT_ID
  $ gcloud components remove COMPONENT_ID

To update your SDK installation to the latest version [290.0.1], run:
  $ gcloud components update


2020-04-28 22:02:43,091 DEBUG    root            Metrics reporting process started...
